#
# There is insufficient memory for the Java Runtime Environment to continue.
# Native memory allocation (malloc) failed to allocate 84934656 bytes for committing reserved memory.
# Possible reasons:
#   The system is out of physical RAM or swap space
#   In 32 bit mode, the process size limit was hit
# Possible solutions:
#   Reduce memory load on the system
#   Increase physical memory or swap space
#   Check if swap backing store is full
#   Use 64 bit Java on a 64 bit OS
#   Decrease Java heap size (-Xmx/-Xms)
#   Decrease number of Java threads
#   Decrease Java thread stack sizes (-Xss)
#   Set larger code cache with -XX:ReservedCodeCacheSize=
# This output file may be truncated or incomplete.
#
#  Out of Memory Error (os_linux.cpp:2798), pid=10331, tid=1741482816
#
# JRE version: OpenJDK Runtime Environment (7.0_65-b32) (build 1.7.0_65-b32)
# Java VM: OpenJDK Server VM (24.65-b04 mixed mode linux-x86 )
# Failed to write core dump. Core dumps have been disabled. To enable core dumping, try "ulimit -c unlimited" before starting Java again
#

---------------  T H R E A D  ---------------

Current thread (0x67b81400):  VMThread [stack: 0x67c4e000,0x67ccf000] [id=10357]

Stack: [0x67c4e000,0x67ccf000]
VM_Operation (0x66e28aa8): ParallelGCFailedAllocation, mode: safepoint, requested by thread 0x6727b400


---------------  P R O C E S S  ---------------

Java Threads: ( => current thread )
  0x6727c800 JavaThread "pool-1-thread-4" [_thread_blocked, id=10406, stack(0x66d88000,0x66dd9000)]
  0x6727b400 JavaThread "pool-1-thread-3" [_thread_blocked, id=10405, stack(0x66dd9000,0x66e2a000)]
  0x6727a400 JavaThread "pool-1-thread-2" [_thread_blocked, id=10404, stack(0x66e2a000,0x66e7b000)]
  0x6726e000 JavaThread "pool-2-thread-1" [_thread_blocked, id=10393, stack(0x66e7b000,0x66ecc000)]
  0x6726d400 JavaThread "pool-1-thread-1" [_thread_blocked, id=10387, stack(0x66ecc000,0x66f1d000)]
  0x67b9cc00 JavaThread "Service Thread" daemon [_thread_blocked, id=10380, stack(0x673d9000,0x6742a000)]
  0x67b9ac00 JavaThread "C2 CompilerThread1" daemon [_thread_blocked, id=10379, stack(0x6742a000,0x674ab000)]
  0x67b98c00 JavaThread "C2 CompilerThread0" daemon [_thread_blocked, id=10378, stack(0x674ab000,0x6752c000)]
  0x67b97400 JavaThread "Signal Dispatcher" daemon [_thread_blocked, id=10377, stack(0x6752c000,0x6757d000)]
  0x67b85400 JavaThread "Finalizer" daemon [_thread_blocked, id=10364, stack(0x678af000,0x67900000)]
  0x67b83c00 JavaThread "Reference Handler" daemon [_thread_blocked, id=10362, stack(0x6a82e000,0x6a87f000)]
  0xb6307c00 JavaThread "main" [_thread_blocked, id=10335, stack(0xb64b2000,0xb6503000)]

Other Threads:
=>0x67b81400 VMThread [stack: 0x67c4e000,0x67ccf000] [id=10357]
  0x67b9e800 WatcherThread [stack: 0x67358000,0x673d9000] [id=10381]

VM state:at safepoint (normal execution)

VM Mutex/Monitor currently owned by a thread:  ([mutex/lock_event])
[0xb6305360] Threads_lock - owner thread: 0x67b81400
[0xb6305770] Heap_lock - owner thread: 0x6727b400

Heap
 PSYoungGen      total 136960K, used 20214K [0x9dcc0000, 0xa7ac0000, 0xb3240000)
  eden space 116736K, 0% used [0x9dcc0000,0x9dcc0000,0xa4ec0000)
  from space 20224K, 99% used [0xa4ec0000,0xa627da70,0xa6280000)
  to   space 15616K, 0% used [0xa6280000,0xa6280000,0xa71c0000)
 ParOldGen       total 40960K, used 36693K [0x73240000, 0x75a40000, 0x9dcc0000)
  object space 40960K, 89% used [0x73240000,0x75615560,0x75a40000)
 PSPermGen       total 16384K, used 4272K [0x6b240000, 0x6c240000, 0x73240000)
  object space 16384K, 26% used [0x6b240000,0x6b66c2d8,0x6c240000)

Card table byte_map: [0x6afff000,0x6b240000] byte_map_base: 0x6aca5e00

Polling page: 0xb76c1000

Code Cache  [0xb3300000, 0xb3608000, 0xb6300000)
 total_blobs=915 nmethods=792 adapters=76 free_code_cache=46113Kb largest_free_block=47180672

Compilation events (10 events):
Event: 53,330 Thread 0x67b9ac00 nmethod 794 0xb35a2a08 code [0xb35a2ba0, 0xb35a2fa0]
Event: 53,331 Thread 0x67b9ac00  795             com.android.dx.rop.code.PlainCstInsn::withNewRegisters (22 bytes)
Event: 53,334 Thread 0x67b9ac00 nmethod 795 0xb35a2508 code [0xb35a2620, 0xb35a27d0]
Event: 53,334 Thread 0x67b9ac00  796             com.android.dx.rop.cst.CstKnownNull::getType (4 bytes)
Event: 53,334 Thread 0x67b9ac00 nmethod 796 0xb35a2388 code [0xb35a2480, 0xb35a24d0]
Event: 53,334 Thread 0x67b9ac00  797             com.android.dx.ssa.SsaMethod::getParamWidth (5 bytes)
Event: 53,334 Thread 0x67b9ac00 nmethod 797 0xb35a2208 code [0xb35a22e0, 0xb35a2330]
Event: 53,334 Thread 0x67b9ac00  798             com.android.dx.rop.code.AccessFlags::isStatic (13 bytes)
Event: 53,335 Thread 0x67b9ac00 nmethod 798 0xb33c8348 code [0xb33c8420, 0xb33c8450]
Event: 53,335 Thread 0x67b9ac00  799             sun.util.calendar.ZoneInfo::getTransitionIndex (156 bytes)

GC Heap History (10 events):
Event: 6,252 GC heap after
Heap after GC invocations=4 (full 0):
 PSYoungGen      total 33280K, used 2547K [0x9dcc0000, 0x9ffc0000, 0xb3240000)
  eden space 30720K, 0% used [0x9dcc0000,0x9dcc0000,0x9fac0000)
  from space 2560K, 99% used [0x9fd40000,0x9ffbcfd0,0x9ffc0000)
  to   space 2560K, 0% used [0x9fac0000,0x9fac0000,0x9fd40000)
 ParOldGen       total 40960K, used 7088K [0x73240000, 0x75a40000, 0x9dcc0000)
  object space 40960K, 17% used [0x73240000,0x7392c078,0x75a40000)
 PSPermGen       total 16384K, used 4156K [0x6b240000, 0x6c240000, 0x73240000)
  object space 16384K, 25% used [0x6b240000,0x6b64f2c8,0x6c240000)
}
Event: 9,119 GC heap before
{Heap before GC invocations=5 (full 0):
 PSYoungGen      total 33280K, used 33267K [0x9dcc0000, 0x9ffc0000, 0xb3240000)
  eden space 30720K, 100% used [0x9dcc0000,0x9fac0000,0x9fac0000)
  from space 2560K, 99% used [0x9fd40000,0x9ffbcfd0,0x9ffc0000)
  to   space 2560K, 0% used [0x9fac0000,0x9fac0000,0x9fd40000)
 ParOldGen       total 40960K, used 7088K [0x73240000, 0x75a40000, 0x9dcc0000)
  object space 40960K, 17% used [0x73240000,0x7392c078,0x75a40000)
 PSPermGen       total 16384K, used 4185K [0x6b240000, 0x6c240000, 0x73240000)
  object space 16384K, 25% used [0x6b240000,0x6b656670,0x6c240000)
Event: 9,170 GC heap after
Heap after GC invocations=5 (full 0):
 PSYoungGen      total 33280K, used 2556K [0x9dcc0000, 0xa2bc0000, 0xb3240000)
  eden space 30720K, 0% used [0x9dcc0000,0x9dcc0000,0x9fac0000)
  from space 2560K, 99% used [0x9fac0000,0x9fd3f3d8,0x9fd40000)
  to   space 9728K, 0% used [0xa2240000,0xa2240000,0xa2bc0000)
 ParOldGen       total 40960K, used 12860K [0x73240000, 0x75a40000, 0x9dcc0000)
  object space 40960K, 31% used [0x73240000,0x73ecf320,0x75a40000)
 PSPermGen       total 16384K, used 4185K [0x6b240000, 0x6c240000, 0x73240000)
  object space 16384K, 25% used [0x6b240000,0x6b656670,0x6c240000)
}
Event: 11,660 GC heap before
{Heap before GC invocations=6 (full 0):
 PSYoungGen      total 33280K, used 33276K [0x9dcc0000, 0xa2bc0000, 0xb3240000)
  eden space 30720K, 100% used [0x9dcc0000,0x9fac0000,0x9fac0000)
  from space 2560K, 99% used [0x9fac0000,0x9fd3f3d8,0x9fd40000)
  to   space 9728K, 0% used [0xa2240000,0xa2240000,0xa2bc0000)
 ParOldGen       total 40960K, used 12860K [0x73240000, 0x75a40000, 0x9dcc0000)
  object space 40960K, 31% used [0x73240000,0x73ecf320,0x75a40000)
 PSPermGen       total 16384K, used 4196K [0x6b240000, 0x6c240000, 0x73240000)
  object space 16384K, 25% used [0x6b240000,0x6b659130,0x6c240000)
Event: 11,737 GC heap after
Heap after GC invocations=6 (full 0):
 PSYoungGen      total 70400K, used 7756K [0x9dcc0000, 0xa2d40000, 0xb3240000)
  eden space 60672K, 0% used [0x9dcc0000,0x9dcc0000,0xa1800000)
  from space 9728K, 79% used [0xa2240000,0xa29d31a0,0xa2bc0000)
  to   space 10496K, 0% used [0xa1800000,0xa1800000,0xa2240000)
 ParOldGen       total 40960K, used 12860K [0x73240000, 0x75a40000, 0x9dcc0000)
  object space 40960K, 31% used [0x73240000,0x73ecf320,0x75a40000)
 PSPermGen       total 16384K, used 4196K [0x6b240000, 0x6c240000, 0x73240000)
  object space 16384K, 25% used [0x6b240000,0x6b659130,0x6c240000)
}
Event: 15,311 GC heap before
{Heap before GC invocations=7 (full 0):
 PSYoungGen      total 70400K, used 68428K [0x9dcc0000, 0xa2d40000, 0xb3240000)
  eden space 60672K, 100% used [0x9dcc0000,0xa1800000,0xa1800000)
  from space 9728K, 79% used [0xa2240000,0xa29d31a0,0xa2bc0000)
  to   space 10496K, 0% used [0xa1800000,0xa1800000,0xa2240000)
 ParOldGen       total 40960K, used 12860K [0x73240000, 0x75a40000, 0x9dcc0000)
  object space 40960K, 31% used [0x73240000,0x73ecf320,0x75a40000)
 PSPermGen       total 16384K, used 4225K [0x6b240000, 0x6c240000, 0x73240000)
  object space 16384K, 25% used [0x6b240000,0x6b660460,0x6c240000)
Event: 15,402 GC heap after
Heap after GC invocations=7 (full 0):
 PSYoungGen      total 71168K, used 10480K [0x9dcc0000, 0xa71c0000, 0xb3240000)
  eden space 60672K, 0% used [0x9dcc0000,0x9dcc0000,0xa1800000)
  from space 10496K, 99% used [0xa1800000,0xa223c370,0xa2240000)
  to   space 15616K, 0% used [0xa6280000,0xa6280000,0xa71c0000)
 ParOldGen       total 40960K, used 19244K [0x73240000, 0x75a40000, 0x9dcc0000)
  object space 40960K, 46% used [0x73240000,0x7450b180,0x75a40000)
 PSPermGen       total 16384K, used 4225K [0x6b240000, 0x6c240000, 0x73240000)
  object space 16384K, 25% used [0x6b240000,0x6b660460,0x6c240000)
}
Event: 46,536 GC heap before
{Heap before GC invocations=8 (full 0):
 PSYoungGen      total 71168K, used 71152K [0x9dcc0000, 0xa71c0000, 0xb3240000)
  eden space 60672K, 100% used [0x9dcc0000,0xa1800000,0xa1800000)
  from space 10496K, 99% used [0xa1800000,0xa223c370,0xa2240000)
  to   space 15616K, 0% used [0xa6280000,0xa6280000,0xa71c0000)
 ParOldGen       total 40960K, used 19244K [0x73240000, 0x75a40000, 0x9dcc0000)
  object space 40960K, 46% used [0x73240000,0x7450b180,0x75a40000)
 PSPermGen       total 16384K, used 4235K [0x6b240000, 0x6c240000, 0x73240000)
  object space 16384K, 25% used [0x6b240000,0x6b662dc0,0x6c240000)
Event: 46,623 GC heap after
Heap after GC invocations=8 (full 0):
 PSYoungGen      total 132352K, used 15607K [0x9dcc0000, 0xa7ac0000, 0xb3240000)
  eden space 116736K, 0% used [0x9dcc0000,0x9dcc0000,0xa4ec0000)
  from space 15616K, 99% used [0xa6280000,0xa71bdcb8,0xa71c0000)
  to   space 20224K, 0% used [0xa4ec0000,0xa4ec0000,0xa6280000)
 ParOldGen       total 40960K, used 23620K [0x73240000, 0x75a40000, 0x9dcc0000)
  object space 40960K, 57% used [0x73240000,0x749513f0,0x75a40000)
 PSPermGen       total 16384K, used 4235K [0x6b240000, 0x6c240000, 0x73240000)
  object space 16384K, 25% used [0x6b240000,0x6b662dc0,0x6c240000)
}
Event: 53,410 GC heap before
{Heap before GC invocations=9 (full 0):
 PSYoungGen      total 132352K, used 132343K [0x9dcc0000, 0xa7ac0000, 0xb3240000)
  eden space 116736K, 100% used [0x9dcc0000,0xa4ec0000,0xa4ec0000)
  from space 15616K, 99% used [0xa6280000,0xa71bdcb8,0xa71c0000)
  to   space 20224K, 0% used [0xa4ec0000,0xa4ec0000,0xa6280000)
 ParOldGen       total 40960K, used 23620K [0x73240000, 0x75a40000, 0x9dcc0000)
  object space 40960K, 57% used [0x73240000,0x749513f0,0x75a40000)
 PSPermGen       total 16384K, used 4272K [0x6b240000, 0x6c240000, 0x73240000)
  object space 16384K, 26% used [0x6b240000,0x6b66c2d8,0x6c240000)

Deoptimization events (10 events):
Event: 46,637 Thread 0x6727b400 Uncommon trap: reason=unreached action=reinterpret pc=0xb3443b04 method=com.android.dx.ssa.MoveParamCombiner$1.visitNonMoveInsn(Lcom/android/dx/ssa/NormalSsaInsn;)V @ 27
Event: 46,656 Thread 0x6727b400 Uncommon trap: reason=class_check action=maybe_recompile pc=0xb35c76e4 method=com.android.dx.cf.code.Ropper.processBlock(Lcom/android/dx/cf/code/ByteBlock;Lcom/android/dx/cf/code/Frame;[I)V @ 711
Event: 46,656 Thread 0x6727b400 Uncommon trap: reason=class_check action=maybe_recompile pc=0xb35c76e4 method=com.android.dx.cf.code.Ropper.processBlock(Lcom/android/dx/cf/code/ByteBlock;Lcom/android/dx/cf/code/Frame;[I)V @ 711
Event: 46,656 Thread 0x6727b400 Uncommon trap: reason=class_check action=maybe_recompile pc=0xb35c76e4 method=com.android.dx.cf.code.Ropper.processBlock(Lcom/android/dx/cf/code/ByteBlock;Lcom/android/dx/cf/code/Frame;[I)V @ 711
Event: 46,656 Thread 0x6727b400 Uncommon trap: reason=class_check action=maybe_recompile pc=0xb35c76e4 method=com.android.dx.cf.code.Ropper.processBlock(Lcom/android/dx/cf/code/ByteBlock;Lcom/android/dx/cf/code/Frame;[I)V @ 711
Event: 46,681 Thread 0x6727c800 Uncommon trap: reason=bimorphic action=maybe_recompile pc=0xb344f07c method=com.android.dx.ssa.LiteralOpUpgrader.tryReplacingWithConstant(Lcom/android/dx/ssa/NormalSsaInsn;)Z @ 62
Event: 46,685 Thread 0x6727c800 Uncommon trap: reason=bimorphic action=maybe_recompile pc=0xb344f07c method=com.android.dx.ssa.LiteralOpUpgrader.tryReplacingWithConstant(Lcom/android/dx/ssa/NormalSsaInsn;)Z @ 62
Event: 52,988 Thread 0x6726d400 Uncommon trap: reason=bimorphic action=maybe_recompile pc=0xb35e1a84 method=com.android.dx.cf.code.BytecodeArray.parseInstruction(ILcom/android/dx/cf/code/BytecodeArray$Visitor;)I @ 971
Event: 52,988 Thread 0x6726d400 Uncommon trap: reason=bimorphic action=maybe_recompile pc=0xb35e1a84 method=com.android.dx.cf.code.BytecodeArray.parseInstruction(ILcom/android/dx/cf/code/BytecodeArray$Visitor;)I @ 971
Event: 53,380 Thread 0xb6307c00 Uncommon trap: reason=unreached action=reinterpret pc=0xb35b1f2c method=com.android.dx.cf.direct.StdAttributeFactory.parse0(Lcom/android/dx/cf/direct/DirectClassFile;ILjava/lang/String;IILcom/android/dx/cf/iface/ParseObserver;)Lcom/android/dx/cf/iface/Att

Internal exceptions (10 events):
Event: 3,010 Thread 0x6727b400 Threw 0x9e81f530 at /build/buildd/openjdk-7-7u65-2.5.1/build/openjdk/hotspot/src/share/vm/prims/jvm.cpp:1247
Event: 3,481 Thread 0x6727c800 Threw 0x9de0c110 at /build/buildd/openjdk-7-7u65-2.5.1/build/openjdk/hotspot/src/share/vm/prims/jvm.cpp:1247
Event: 4,114 Thread 0xb6307c00 Implicit null exception at 0xb338125e to 0xb3381851
Event: 6,318 Thread 0xb6307c00 Threw 0x9dda0598 at /build/buildd/openjdk-7-7u65-2.5.1/build/openjdk/hotspot/src/share/vm/prims/jvm.cpp:1247
Event: 6,459 Thread 0xb6307c00 Threw 0x9df4ab08 at /build/buildd/openjdk-7-7u65-2.5.1/build/openjdk/hotspot/src/share/vm/prims/jvm.cpp:1247
Event: 7,208 Thread 0x6727b400 Implicit null exception at 0xb339e657 to 0xb339fec1
Event: 8,542 Thread 0x6727c800 Threw 0x9f4e7a60 at /build/buildd/openjdk-7-7u65-2.5.1/build/openjdk/hotspot/src/share/vm/prims/jvm.cpp:1247
Event: 14,960 Thread 0xb6307c00 Threw 0xa11e96e0 at /build/buildd/openjdk-7-7u65-2.5.1/build/openjdk/hotspot/src/share/vm/prims/jvm.cpp:1247
Event: 30,693 Thread 0x6727b400 Implicit null exception at 0xb355b89c to 0xb355f7ed
Event: 32,653 Thread 0x6727a400 Implicit null exception at 0xb3414060 to 0xb3417089

Events (10 events):
Event: 52,988 Thread 0x6726d400 Uncommon trap: trap_request=0xffffffc6 fr.pc=0xb35e1a84
Event: 52,988 Thread 0x6726d400 DEOPT PACKING pc=0xb35e1a84 sp=0x66f1ba70
Event: 52,988 Thread 0x6726d400 DEOPT UNPACKING pc=0xb332cbc8 sp=0x66f1ba74 mode 2
Event: 52,988 Thread 0x6726d400 Uncommon trap: trap_request=0xffffffc6 fr.pc=0xb35e1a84
Event: 52,988 Thread 0x6726d400 DEOPT PACKING pc=0xb35e1a84 sp=0x66f1ba90
Event: 52,988 Thread 0x6726d400 DEOPT UNPACKING pc=0xb332cbc8 sp=0x66f1ba94 mode 2
Event: 53,380 Thread 0xb6307c00 Uncommon trap: trap_request=0xffffffad fr.pc=0xb35b1f2c
Event: 53,380 Thread 0xb6307c00 DEOPT PACKING pc=0xb35b1f2c sp=0xb6501a70
Event: 53,380 Thread 0xb6307c00 DEOPT UNPACKING pc=0xb332cbc8 sp=0xb6501a54 mode 2
Event: 53,407 Executing VM operation: ParallelGCFailedAllocation


Dynamic libraries:
08048000-08049000 r-xp 00000000 08:06 670889     /usr/lib/jvm/java-7-openjdk-i386/jre/bin/java
08049000-0804a000 r--p 00000000 08:06 670889     /usr/lib/jvm/java-7-openjdk-i386/jre/bin/java
0804a000-0804b000 rw-p 00001000 08:06 670889     /usr/lib/jvm/java-7-openjdk-i386/jre/bin/java
08e47000-08f4a000 rw-p 00000000 00:00 0          [heap]
65600000-656f4000 rw-p 00000000 00:00 0 
656f4000-65700000 ---p 00000000 00:00 0 
65700000-657fc000 rw-p 00000000 00:00 0 
657fc000-65800000 ---p 00000000 00:00 0 
65c00000-65cff000 rw-p 00000000 00:00 0 
65cff000-65d00000 ---p 00000000 00:00 0 
65d00000-65df9000 rw-p 00000000 00:00 0 
65df9000-65e00000 ---p 00000000 00:00 0 
65e00000-65eef000 rw-p 00000000 00:00 0 
65eef000-65f00000 ---p 00000000 00:00 0 
66000000-66100000 rw-p 00000000 00:00 0 
66100000-661ed000 rw-p 00000000 00:00 0 
661ed000-66200000 ---p 00000000 00:00 0 
66200000-662fd000 rw-p 00000000 00:00 0 
662fd000-66300000 ---p 00000000 00:00 0 
66300000-663b2000 rw-p 00000000 00:00 0 
663b2000-66400000 ---p 00000000 00:00 0 
66400000-664ee000 rw-p 00000000 00:00 0 
664ee000-66500000 ---p 00000000 00:00 0 
66500000-66600000 rw-p 00000000 00:00 0 
66600000-66700000 rw-p 00000000 00:00 0 
66800000-668fc000 rw-p 00000000 00:00 0 
668fc000-66900000 ---p 00000000 00:00 0 
66a00000-66af2000 rw-p 00000000 00:00 0 
66af2000-66b00000 ---p 00000000 00:00 0 
66b00000-66bf7000 rw-p 00000000 00:00 0 
66bf7000-66c00000 ---p 00000000 00:00 0 
66c00000-66cfe000 rw-p 00000000 00:00 0 
66cfe000-66d00000 ---p 00000000 00:00 0 
66d88000-66d8b000 ---p 00000000 00:00 0 
66d8b000-66dd9000 rw-p 00000000 00:00 0          [stack:10406]
66dd9000-66ddc000 ---p 00000000 00:00 0 
66ddc000-66e2a000 rw-p 00000000 00:00 0          [stack:10405]
66e2a000-66e2d000 ---p 00000000 00:00 0 
66e2d000-66e7b000 rw-p 00000000 00:00 0          [stack:10404]
66e7b000-66e7e000 ---p 00000000 00:00 0 
66e7e000-66ecc000 rw-p 00000000 00:00 0          [stack:10393]
66ecc000-66ecf000 ---p 00000000 00:00 0 
66ecf000-66f1d000 rw-p 00000000 00:00 0          [stack:10387]
66f1d000-66f59000 r-xp 00000000 08:06 1051718    /lib/i386-linux-gnu/libpcre.so.3.13.1
66f59000-66f5a000 r--p 0003b000 08:06 1051718    /lib/i386-linux-gnu/libpcre.so.3.13.1
66f5a000-66f5b000 rw-p 0003c000 08:06 1051718    /lib/i386-linux-gnu/libpcre.so.3.13.1
66f5b000-66f6e000 r-xp 00000000 08:06 1108338    /lib/i386-linux-gnu/libresolv-2.19.so
66f6e000-66f6f000 ---p 00013000 08:06 1108338    /lib/i386-linux-gnu/libresolv-2.19.so
66f6f000-66f70000 r--p 00013000 08:06 1108338    /lib/i386-linux-gnu/libresolv-2.19.so
66f70000-66f71000 rw-p 00014000 08:06 1108338    /lib/i386-linux-gnu/libresolv-2.19.so
66f71000-66f73000 rw-p 00000000 00:00 0 
66f73000-6707d000 r-xp 00000000 08:06 1059912    /lib/i386-linux-gnu/libglib-2.0.so.0.4002.0
6707d000-6707e000 r--p 00109000 08:06 1059912    /lib/i386-linux-gnu/libglib-2.0.so.0.4002.0
6707e000-6707f000 rw-p 0010a000 08:06 1059912    /lib/i386-linux-gnu/libglib-2.0.so.0.4002.0
6707f000-671fc000 r-xp 00000000 08:06 526170     /usr/lib/i386-linux-gnu/libgio-2.0.so.0.4002.0
671fc000-671fe000 r--p 0017d000 08:06 526170     /usr/lib/i386-linux-gnu/libgio-2.0.so.0.4002.0
671fe000-671ff000 rw-p 0017f000 08:06 526170     /usr/lib/i386-linux-gnu/libgio-2.0.so.0.4002.0
671ff000-67200000 rw-p 00000000 00:00 0 
67200000-672a2000 rw-p 00000000 00:00 0 
672a2000-67300000 ---p 00000000 00:00 0 
67306000-67356000 r-xp 00000000 08:06 526110     /usr/lib/i386-linux-gnu/libgobject-2.0.so.0.4002.0
67356000-67357000 r--p 0004f000 08:06 526110     /usr/lib/i386-linux-gnu/libgobject-2.0.so.0.4002.0
67357000-67358000 rw-p 00050000 08:06 526110     /usr/lib/i386-linux-gnu/libgobject-2.0.so.0.4002.0
67358000-67359000 ---p 00000000 00:00 0 
67359000-673d9000 rw-p 00000000 00:00 0          [stack:10381]
673d9000-673dc000 ---p 00000000 00:00 0 
673dc000-6742a000 rw-p 00000000 00:00 0          [stack:10380]
6742a000-6742d000 ---p 00000000 00:00 0 
6742d000-674ab000 rw-p 00000000 00:00 0          [stack:10379]
674ab000-674ae000 ---p 00000000 00:00 0 
674ae000-6752c000 rw-p 00000000 00:00 0          [stack:10378]
6752c000-6752f000 ---p 00000000 00:00 0 
6752f000-6757d000 rw-p 00000000 00:00 0          [stack:10377]
6757d000-676af000 r--p 002c8000 08:06 536120     /usr/lib/locale/locale-archive
676af000-678af000 r--p 00000000 08:06 536120     /usr/lib/locale/locale-archive
678af000-678b2000 ---p 00000000 00:00 0 
678b2000-67900000 rw-p 00000000 00:00 0          [stack:10364]
67900000-679fb000 rw-p 00000000 00:00 0 
679fb000-67a00000 ---p 00000000 00:00 0 
67a00000-67a21000 rw-p 00000000 00:00 0 
67a21000-67b00000 ---p 00000000 00:00 0 
67b00000-67bfa000 rw-p 00000000 00:00 0 
67bfa000-67c00000 ---p 00000000 00:00 0 
67c00000-67c20000 r-xp 00000000 08:06 1055792    /lib/i386-linux-gnu/libselinux.so.1
67c20000-67c21000 r--p 0001f000 08:06 1055792    /lib/i386-linux-gnu/libselinux.so.1
67c21000-67c22000 rw-p 00020000 08:06 1055792    /lib/i386-linux-gnu/libselinux.so.1
67c22000-67c23000 rw-p 00000000 00:00 0 
67c4e000-67c4f000 ---p 00000000 00:00 0 
67c4f000-67ccf000 rw-p 00000000 00:00 0          [stack:10357]
67ccf000-67e80000 r--s 01d21000 08:06 670828     /usr/lib/jvm/java-7-openjdk-i386/jre/lib/rt.jar
67e80000-6a700000 rw-p 00000000 00:00 0 
6a700000-6a7fd000 rw-p 00000000 00:00 0 
6a7fd000-6a800000 ---p 00000000 00:00 0 
6a815000-6a82c000 r-xp 00000000 08:06 670857     /usr/lib/jvm/java-7-openjdk-i386/jre/lib/i386/libnet.so
6a82c000-6a82d000 r--p 00016000 08:06 670857     /usr/lib/jvm/java-7-openjdk-i386/jre/lib/i386/libnet.so
6a82d000-6a82e000 rw-p 00017000 08:06 670857     /usr/lib/jvm/java-7-openjdk-i386/jre/lib/i386/libnet.so
6a82e000-6a831000 ---p 00000000 00:00 0 
6a831000-6a87f000 rw-p 00000000 00:00 0          [stack:10362]
6a87f000-6a880000 ---p 00000000 00:00 0 
6a880000-6a900000 rw-p 00000000 00:00 0          [stack:10347]
6a900000-6a921000 rw-p 00000000 00:00 0 
6a921000-6aa00000 ---p 00000000 00:00 0 
6aa00000-6aa21000 rw-p 00000000 00:00 0 
6aa21000-6ab00000 ---p 00000000 00:00 0 
6ab0e000-6ab1f000 r-xp 00000000 08:06 670856     /usr/lib/jvm/java-7-openjdk-i386/jre/lib/i386/libnio.so
6ab1f000-6ab20000 r--p 00010000 08:06 670856     /usr/lib/jvm/java-7-openjdk-i386/jre/lib/i386/libnio.so
6ab20000-6ab21000 rw-p 00011000 08:06 670856     /usr/lib/jvm/java-7-openjdk-i386/jre/lib/i386/libnio.so
6ab21000-6ab36000 r--s 000e5000 08:05 120291     /media/DADES/Development/AndroidStudioProjects/BMA_dia6/app/build/intermediates/exploded-aar/com.android.support/support-v4/23.1.1/jars/classes.jar
6ab36000-6ab7f000 rw-p 00000000 00:00 0 
6ab7f000-6ab80000 ---p 00000000 00:00 0 
6ab80000-6ac00000 rw-p 00000000 00:00 0          [stack:10346]
6ac00000-6ac33000 rw-p 00000000 00:00 0 
6ac33000-6ad00000 ---p 00000000 00:00 0 
6ad05000-6ad0a000 r-xp 00000000 08:06 533281     /usr/lib/i386-linux-gnu/libffi.so.6.0.1
6ad0a000-6ad0b000 r--p 00005000 08:06 533281     /usr/lib/i386-linux-gnu/libffi.so.6.0.1
6ad0b000-6ad0c000 rw-p 00006000 08:06 533281     /usr/lib/i386-linux-gnu/libffi.so.6.0.1
6ad0c000-6ad67000 rw-p 00000000 00:00 0 
6ad67000-6ad68000 ---p 00000000 00:00 0 
6ad68000-6ade8000 rw-p 00000000 00:00 0          [stack:10345]
6ade8000-6ade9000 ---p 00000000 00:00 0 
6ade9000-6ae71000 rw-p 00000000 00:00 0          [stack:10342]
6ae71000-6aea9000 rw-p 00000000 00:00 0 
6aea9000-6aebd000 rw-p 00000000 00:00 0 
6aebd000-6afff000 rw-p 00000000 00:00 0 
6afff000-6b007000 rw-p 00000000 00:00 0 
6b007000-6b03f000 rw-p 00000000 00:00 0 
6b03f000-6b053000 rw-p 00000000 00:00 0 
6b053000-6b194000 rw-p 00000000 00:00 0 
6b194000-6b1e4000 rw-p 00000000 00:00 0 
6b1e4000-6b23f000 rw-p 00000000 00:00 0 
6b23f000-6c240000 rw-p 00000000 00:00 0 
6c240000-73240000 rw-p 00000000 00:00 0 
73240000-75a40000 rw-p 00000000 00:00 0 
75a40000-9dcc0000 rw-p 00000000 00:00 0 
9dcc0000-a7ac0000 rw-p 00000000 00:00 0 
acb92000-acb99000 r--s 00000000 08:06 527884     /usr/lib/i386-linux-gnu/gconv/gconv-modules.cache
acb99000-acbc0000 r--p 00000000 08:06 135394     /usr/share/locale-langpack/ca/LC_MESSAGES/libc.mo
acbc0000-b3240000 rw-p 00000000 00:00 0 
b3240000-b324d000 rw-p 00000000 00:00 0 
b324d000-b3300000 rw-p 00000000 00:00 0 
b3300000-b3608000 rwxp 00000000 00:00 0 
b3608000-b63ff000 rw-p 00000000 00:00 0 
b63ff000-b6400000 ---p 00000000 00:00 0 
b6405000-b6414000 r--s 000df000 08:05 34646      /media/DADES/Development/Android-SDK/build-tools/23.0.2/lib/dx.jar
b6414000-b642f000 rw-p 00000000 00:00 0 
b642f000-b643a000 r-xp 00000000 08:06 1108340    /lib/i386-linux-gnu/libnss_files-2.19.so
b643a000-b643b000 r--p 0000a000 08:06 1108340    /lib/i386-linux-gnu/libnss_files-2.19.so
b643b000-b643c000 rw-p 0000b000 08:06 1108340    /lib/i386-linux-gnu/libnss_files-2.19.so
b643c000-b6451000 r-xp 00000000 08:06 1108327    /lib/i386-linux-gnu/libnsl-2.19.so
b6451000-b6452000 r--p 00015000 08:06 1108327    /lib/i386-linux-gnu/libnsl-2.19.so
b6452000-b6453000 rw-p 00016000 08:06 1108327    /lib/i386-linux-gnu/libnsl-2.19.so
b6453000-b6455000 rw-p 00000000 00:00 0 
b645b000-b645e000 r-xp 00000000 08:06 563682     /usr/lib/i386-linux-gnu/libgmodule-2.0.so.0.4002.0
b645e000-b645f000 r--p 00002000 08:06 563682     /usr/lib/i386-linux-gnu/libgmodule-2.0.so.0.4002.0
b645f000-b6460000 rw-p 00003000 08:06 563682     /usr/lib/i386-linux-gnu/libgmodule-2.0.so.0.4002.0
b6460000-b6462000 r--s 00006000 08:06 948334     /usr/share/java/java-atk-wrapper.jar
b6462000-b6466000 r--s 00085000 08:06 670825     /usr/lib/jvm/java-7-openjdk-i386/jre/lib/ext/localedata.jar
b6466000-b6469000 r--s 0000f000 08:06 670823     /usr/lib/jvm/java-7-openjdk-i386/jre/lib/ext/pulse-java.jar
b6469000-b646c000 r--s 0003c000 08:06 670824     /usr/lib/jvm/java-7-openjdk-i386/jre/lib/ext/sunpkcs11.jar
b646c000-b646e000 r--s 00012000 08:06 670826     /usr/lib/jvm/java-7-openjdk-i386/jre/lib/ext/zipfs.jar
b646e000-b6476000 r-xp 00000000 08:06 670867     /usr/lib/jvm/java-7-openjdk-i386/jre/lib/i386/libzip.so
b6476000-b6477000 r--p 00007000 08:06 670867     /usr/lib/jvm/java-7-openjdk-i386/jre/lib/i386/libzip.so
b6477000-b6478000 rw-p 00008000 08:06 670867     /usr/lib/jvm/java-7-openjdk-i386/jre/lib/i386/libzip.so
b6478000-b6480000 rw-s 00000000 08:06 1199047    /tmp/hsperfdata_jon/10331
b6480000-b64a7000 r-xp 00000000 08:06 670849     /usr/lib/jvm/java-7-openjdk-i386/jre/lib/i386/libjava.so
b64a7000-b64a8000 r--p 00026000 08:06 670849     /usr/lib/jvm/java-7-openjdk-i386/jre/lib/i386/libjava.so
b64a8000-b64a9000 rw-p 00027000 08:06 670849     /usr/lib/jvm/java-7-openjdk-i386/jre/lib/i386/libjava.so
b64a9000-b64b0000 r-xp 00000000 08:06 1108341    /lib/i386-linux-gnu/librt-2.19.so
b64b0000-b64b1000 r--p 00006000 08:06 1108341    /lib/i386-linux-gnu/librt-2.19.so
b64b1000-b64b2000 rw-p 00007000 08:06 1108341    /lib/i386-linux-gnu/librt-2.19.so
b64b2000-b64b5000 ---p 00000000 00:00 0 
b64b5000-b6503000 rw-p 00000000 00:00 0          [stack:10335]
b6503000-b651f000 r-xp 00000000 08:06 1051641    /lib/i386-linux-gnu/libgcc_s.so.1
b651f000-b6520000 rw-p 0001b000 08:06 1051641    /lib/i386-linux-gnu/libgcc_s.so.1
b6520000-b6564000 r-xp 00000000 08:06 1108331    /lib/i386-linux-gnu/libm-2.19.so
b6564000-b6565000 r--p 00043000 08:06 1108331    /lib/i386-linux-gnu/libm-2.19.so
b6565000-b6566000 rw-p 00044000 08:06 1108331    /lib/i386-linux-gnu/libm-2.19.so
b6566000-b6642000 r-xp 00000000 08:06 534026     /usr/lib/i386-linux-gnu/libstdc++.so.6.0.19
b6642000-b6643000 ---p 000dc000 08:06 534026     /usr/lib/i386-linux-gnu/libstdc++.so.6.0.19
b6643000-b6647000 r--p 000dc000 08:06 534026     /usr/lib/i386-linux-gnu/libstdc++.so.6.0.19
b6647000-b6648000 rw-p 000e0000 08:06 534026     /usr/lib/i386-linux-gnu/libstdc++.so.6.0.19
b6648000-b664f000 rw-p 00000000 00:00 0 
b664f000-b703a000 r-xp 00000000 08:06 670844     /usr/lib/jvm/java-7-openjdk-i386/jre/lib/i386/server/libjvm.so
b703a000-b708c000 r--p 009ea000 08:06 670844     /usr/lib/jvm/java-7-openjdk-i386/jre/lib/i386/server/libjvm.so
b708c000-b70a0000 rw-p 00a3c000 08:06 670844     /usr/lib/jvm/java-7-openjdk-i386/jre/lib/i386/server/libjvm.so
b70a0000-b74be000 rw-p 00000000 00:00 0 
b74be000-b74d6000 r-xp 00000000 08:06 1051776    /lib/i386-linux-gnu/libz.so.1.2.8
b74d6000-b74d7000 r--p 00017000 08:06 1051776    /lib/i386-linux-gnu/libz.so.1.2.8
b74d7000-b74d8000 rw-p 00018000 08:06 1051776    /lib/i386-linux-gnu/libz.so.1.2.8
b74d8000-b74f0000 r-xp 00000000 08:06 1108336    /lib/i386-linux-gnu/libpthread-2.19.so
b74f0000-b74f1000 r--p 00018000 08:06 1108336    /lib/i386-linux-gnu/libpthread-2.19.so
b74f1000-b74f2000 rw-p 00019000 08:06 1108336    /lib/i386-linux-gnu/libpthread-2.19.so
b74f2000-b74f4000 rw-p 00000000 00:00 0 
b74f4000-b74f7000 r-xp 00000000 08:06 1108324    /lib/i386-linux-gnu/libdl-2.19.so
b74f7000-b74f8000 r--p 00002000 08:06 1108324    /lib/i386-linux-gnu/libdl-2.19.so
b74f8000-b74f9000 rw-p 00003000 08:06 1108324    /lib/i386-linux-gnu/libdl-2.19.so
b74f9000-b76a1000 r-xp 00000000 08:06 1108323    /lib/i386-linux-gnu/libc-2.19.so
b76a1000-b76a3000 r--p 001a8000 08:06 1108323    /lib/i386-linux-gnu/libc-2.19.so
b76a3000-b76a4000 rw-p 001aa000 08:06 1108323    /lib/i386-linux-gnu/libc-2.19.so
b76a4000-b76a7000 rw-p 00000000 00:00 0 
b76a7000-b76a8000 r--s 00002000 08:06 670821     /usr/lib/jvm/java-7-openjdk-i386/jre/lib/ext/dnsns.jar
b76a8000-b76ab000 r--s 00032000 08:06 670822     /usr/lib/jvm/java-7-openjdk-i386/jre/lib/ext/sunjce_provider.jar
b76ab000-b76b5000 r-xp 00000000 08:06 1108326    /lib/i386-linux-gnu/libnss_nis-2.19.so
b76b5000-b76b6000 r--p 00009000 08:06 1108326    /lib/i386-linux-gnu/libnss_nis-2.19.so
b76b6000-b76b7000 rw-p 0000a000 08:06 1108326    /lib/i386-linux-gnu/libnss_nis-2.19.so
b76b7000-b76be000 r-xp 00000000 08:06 1108332    /lib/i386-linux-gnu/libnss_compat-2.19.so
b76be000-b76bf000 r--p 00006000 08:06 1108332    /lib/i386-linux-gnu/libnss_compat-2.19.so
b76bf000-b76c0000 rw-p 00007000 08:06 1108332    /lib/i386-linux-gnu/libnss_compat-2.19.so
b76c0000-b76c1000 rw-p 00000000 00:00 0 
b76c1000-b76c2000 ---p 00000000 00:00 0 
b76c2000-b76d0000 r-xp 00000000 08:06 670859     /usr/lib/jvm/java-7-openjdk-i386/jre/lib/i386/libverify.so
b76d0000-b76d1000 r--p 0000d000 08:06 670859     /usr/lib/jvm/java-7-openjdk-i386/jre/lib/i386/libverify.so
b76d1000-b76d2000 rw-p 0000e000 08:06 670859     /usr/lib/jvm/java-7-openjdk-i386/jre/lib/i386/libverify.so
b76d2000-b76de000 r-xp 00000000 08:06 670850     /usr/lib/jvm/java-7-openjdk-i386/jre/lib/i386/jli/libjli.so
b76de000-b76df000 r--p 0000c000 08:06 670850     /usr/lib/jvm/java-7-openjdk-i386/jre/lib/i386/jli/libjli.so
b76df000-b76e0000 rw-p 0000d000 08:06 670850     /usr/lib/jvm/java-7-openjdk-i386/jre/lib/i386/jli/libjli.so
b76e0000-b76e3000 rw-p 00000000 00:00 0 
b76e3000-b76e4000 r-xp 00000000 00:00 0          [vdso]
b76e4000-b7704000 r-xp 00000000 08:06 1108325    /lib/i386-linux-gnu/ld-2.19.so
b7704000-b7705000 r--p 0001f000 08:06 1108325    /lib/i386-linux-gnu/ld-2.19.so
b7705000-b7706000 rw-p 00020000 08:06 1108325    /lib/i386-linux-gnu/ld-2.19.so
bfc67000-bfc68000 rwxp 00000000 00:00 0 
bfc9a000-bfcbb000 rw-p 00000000 00:00 0          [stack]

VM Arguments:
jvm_args: -Djava.awt.headless=true -Xmx1024M -Dfile.encoding=UTF-8 -Duser.country=ES -Duser.language=ca -Duser.variant 
java_command: com.android.dx.command.Main --dex --num-threads=4 --output /media/DADES/Development/AndroidStudioProjects/BMA_dia6/app/build/intermediates/pre-dexed/debug/com.android.support-support-v4-23.1.1_c088a2f7628d3e440ce29619b173f2d022a1145c.jar /media/DADES/Development/AndroidStudioProjects/BMA_dia6/app/build/intermediates/exploded-aar/com.android.support/support-v4/23.1.1/jars/classes.jar
Launcher Type: SUN_STANDARD

Environment Variables:
PATH=/usr/local/sbin:/usr/local/bin:/usr/sbin:/usr/bin:/sbin:/bin:/usr/games:/usr/local/games
USERNAME=jon
LD_LIBRARY_PATH=/media/DADES/Development/android-studio/bin:
SHELL=/bin/bash
DISPLAY=:0.0

Signal Handlers:
SIGSEGV: [libjvm.so+0x80a0a0], sa_mask[0]=0x7ffbfeff, sa_flags=0x10000004
SIGBUS: [libjvm.so+0x80a0a0], sa_mask[0]=0x7ffbfeff, sa_flags=0x10000004
SIGFPE: [libjvm.so+0x683f60], sa_mask[0]=0x7ffbfeff, sa_flags=0x10000004
SIGPIPE: [libjvm.so+0x683f60], sa_mask[0]=0x7ffbfeff, sa_flags=0x10000004
SIGXFSZ: [libjvm.so+0x683f60], sa_mask[0]=0x7ffbfeff, sa_flags=0x10000004
SIGILL: [libjvm.so+0x683f60], sa_mask[0]=0x7ffbfeff, sa_flags=0x10000004
SIGUSR1: SIG_DFL, sa_mask[0]=0x00000000, sa_flags=0x00000000
SIGUSR2: [libjvm.so+0x683df0], sa_mask[0]=0x00000004, sa_flags=0x10000004
SIGHUP: [libjvm.so+0x684020], sa_mask[0]=0x7ffbfeff, sa_flags=0x10000004
SIGINT: [libjvm.so+0x684020], sa_mask[0]=0x7ffbfeff, sa_flags=0x10000004
SIGTERM: [libjvm.so+0x684020], sa_mask[0]=0x7ffbfeff, sa_flags=0x10000004
SIGQUIT: [libjvm.so+0x684020], sa_mask[0]=0x7ffbfeff, sa_flags=0x10000004
SIGTRAP: SIG_DFL, sa_mask[0]=0x00000000, sa_flags=0x00000000


---------------  S Y S T E M  ---------------

OS:LinuxMint 17.1 (rebecca)
uname:Linux 3.13.0-37-generic #64-Ubuntu SMP Mon Sep 22 21:30:01 UTC 2014 i686
libc:glibc 2.19 NPTL 2.19 
rlimit: STACK 8192k, CORE 0k, NPROC 30453, NOFILE 4096, AS infinity
load average:19,49 11,81 5,73

/proc/meminfo:
MemTotal:        3926056 kB
MemFree:         1567988 kB
Buffers:           34252 kB
Cached:           450268 kB
SwapCached:            0 kB
Active:          1322412 kB
Inactive:         467212 kB
Active(anon):    1306564 kB
Inactive(anon):   204664 kB
Active(file):      15848 kB
Inactive(file):   262548 kB
Unevictable:         104 kB
Mlocked:             104 kB
HighTotal:       3075328 kB
HighFree:        1212352 kB
LowTotal:         850728 kB
LowFree:          355636 kB
SwapTotal:             0 kB
SwapFree:              0 kB
Dirty:               876 kB
Writeback:             0 kB
AnonPages:       1305504 kB
Mapped:           545892 kB
Shmem:            205828 kB
Slab:              58172 kB
SReclaimable:      22172 kB
SUnreclaim:        36000 kB
KernelStack:        4776 kB
PageTables:        13448 kB
NFS_Unstable:          0 kB
Bounce:                0 kB
WritebackTmp:          0 kB
CommitLimit:     1963028 kB
Committed_AS:    4910708 kB
VmallocTotal:     122880 kB
VmallocUsed:       20648 kB
VmallocChunk:      98972 kB
HardwareCorrupted:     0 kB
AnonHugePages:    462848 kB
HugePages_Total:       0
HugePages_Free:        0
HugePages_Rsvd:        0
HugePages_Surp:        0
Hugepagesize:       2048 kB
DirectMap4k:       49144 kB
DirectMap2M:      864256 kB


CPU:total 4 (2 cores per cpu, 2 threads per core) family 6 model 37 stepping 2, cmov, cx8, fxsr, mmx, sse, sse2, sse3, ssse3, sse4.1, sse4.2, popcnt, ht, tsc, tscinvbit

/proc/cpuinfo:
processor	: 0
vendor_id	: GenuineIntel
cpu family	: 6
model		: 37
model name	: Intel(R) Core(TM) i3 CPU       M 330  @ 2.13GHz
stepping	: 2
microcode	: 0x9
cpu MHz		: 2133.000
cache size	: 3072 KB
physical id	: 0
siblings	: 4
core id		: 0
cpu cores	: 2
apicid		: 0
initial apicid	: 0
fdiv_bug	: no
f00f_bug	: no
coma_bug	: no
fpu		: yes
fpu_exception	: yes
cpuid level	: 11
wp		: yes
flags		: fpu vme de pse tsc msr pae mce cx8 apic sep mtrr pge mca cmov pat pse36 clflush dts acpi mmx fxsr sse sse2 ss ht tm pbe nx rdtscp lm constant_tsc arch_perfmon pebs bts xtopology nonstop_tsc aperfmperf pni dtes64 monitor ds_cpl vmx est tm2 ssse3 cx16 xtpr pdcm sse4_1 sse4_2 popcnt lahf_lm arat dtherm tpr_shadow vnmi flexpriority ept vpid
bogomips	: 4255.93
clflush size	: 64
cache_alignment	: 64
address sizes	: 36 bits physical, 48 bits virtual
power management:

processor	: 1
vendor_id	: GenuineIntel
cpu family	: 6
model		: 37
model name	: Intel(R) Core(TM) i3 CPU       M 330  @ 2.13GHz
stepping	: 2
microcode	: 0x9
cpu MHz		: 2133.000
cache size	: 3072 KB
physical id	: 0
siblings	: 4
core id		: 0
cpu cores	: 2
apicid		: 1
initial apicid	: 1
fdiv_bug	: no
f00f_bug	: no
coma_bug	: no
fpu		: yes
fpu_exception	: yes
cpuid level	: 11
wp		: yes
flags		: fpu vme de pse tsc msr pae mce cx8 apic sep mtrr pge mca cmov pat pse36 clflush dts acpi mmx fxsr sse sse2 ss ht tm pbe nx rdtscp lm constant_tsc arch_perfmon pebs bts xtopology nonstop_tsc aperfmperf pni dtes64 monitor ds_cpl vmx est tm2 ssse3 cx16 xtpr pdcm sse4_1 sse4_2 popcnt lahf_lm arat dtherm tpr_shadow vnmi flexpriority ept vpid
bogomips	: 4255.93
clflush size	: 64
cache_alignment	: 64
address sizes	: 36 bits physical, 48 bits virtual
power management:

processor	: 2
vendor_id	: GenuineIntel
cpu family	: 6
model		: 37
model name	: Intel(R) Core(TM) i3 CPU       M 330  @ 2.13GHz
stepping	: 2
microcode	: 0x9
cpu MHz		: 2133.000
cache size	: 3072 KB
physical id	: 0
siblings	: 4
core id		: 2
cpu cores	: 2
apicid		: 4
initial apicid	: 4
fdiv_bug	: no
f00f_bug	: no
coma_bug	: no
fpu		: yes
fpu_exception	: yes
cpuid level	: 11
wp		: yes
flags		: fpu vme de pse tsc msr pae mce cx8 apic sep mtrr pge mca cmov pat pse36 clflush dts acpi mmx fxsr sse sse2 ss ht tm pbe nx rdtscp lm constant_tsc arch_perfmon pebs bts xtopology nonstop_tsc aperfmperf pni dtes64 monitor ds_cpl vmx est tm2 ssse3 cx16 xtpr pdcm sse4_1 sse4_2 popcnt lahf_lm arat dtherm tpr_shadow vnmi flexpriority ept vpid
bogomips	: 4255.93
clflush size	: 64
cache_alignment	: 64
address sizes	: 36 bits physical, 48 bits virtual
power management:

processor	: 3
vendor_id	: GenuineIntel
cpu family	: 6
model		: 37
model name	: Intel(R) Core(TM) i3 CPU       M 330  @ 2.13GHz
stepping	: 2
microcode	: 0x9
cpu MHz		: 2133.000
cache size	: 3072 KB
physical id	: 0
siblings	: 4
core id		: 2
cpu cores	: 2
apicid		: 5
initial apicid	: 5
fdiv_bug	: no
f00f_bug	: no
coma_bug	: no
fpu		: yes
fpu_exception	: yes
cpuid level	: 11
wp		: yes
flags		: fpu vme de pse tsc msr pae mce cx8 apic sep mtrr pge mca cmov pat pse36 clflush dts acpi mmx fxsr sse sse2 ss ht tm pbe nx rdtscp lm constant_tsc arch_perfmon pebs bts xtopology nonstop_tsc aperfmperf pni dtes64 monitor ds_cpl vmx est tm2 ssse3 cx16 xtpr pdcm sse4_1 sse4_2 popcnt lahf_lm arat dtherm tpr_shadow vnmi flexpriority ept vpid
bogomips	: 4255.93
clflush size	: 64
cache_alignment	: 64
address sizes	: 36 bits physical, 48 bits virtual
power management:



Memory: 4k page, physical 3926056k(1567964k free), swap 0k(0k free)

vm_info: OpenJDK Server VM (24.65-b04) for linux-x86 JRE (1.7.0_65-b32), built on Aug 23 2014 13:40:35 by "buildd" with gcc 4.8.2

time: Mon Feb  1 11:35:39 2016
elapsed time: 169 seconds

