#
# There is insufficient memory for the Java Runtime Environment to continue.
# Native memory allocation (malloc) failed to allocate 71303168 bytes for committing reserved memory.
# Possible reasons:
#   The system is out of physical RAM or swap space
#   In 32 bit mode, the process size limit was hit
# Possible solutions:
#   Reduce memory load on the system
#   Increase physical memory or swap space
#   Check if swap backing store is full
#   Use 64 bit Java on a 64 bit OS
#   Decrease Java heap size (-Xmx/-Xms)
#   Decrease number of Java threads
#   Decrease Java thread stack sizes (-Xss)
#   Set larger code cache with -XX:ReservedCodeCacheSize=
# This output file may be truncated or incomplete.
#
#  Out of Memory Error (os_linux.cpp:2798), pid=9506, tid=1741482816
#
# JRE version: OpenJDK Runtime Environment (7.0_65-b32) (build 1.7.0_65-b32)
# Java VM: OpenJDK Server VM (24.65-b04 mixed mode linux-x86 )
# Failed to write core dump. Core dumps have been disabled. To enable core dumping, try "ulimit -c unlimited" before starting Java again
#

---------------  T H R E A D  ---------------

Current thread (0x67b81400):  VMThread [stack: 0x67c4e000,0x67ccf000] [id=9533]

Stack: [0x67c4e000,0x67ccf000]
VM_Operation (0x671c09b8): ParallelGCFailedAllocation, mode: safepoint, requested by thread 0x67268000


---------------  P R O C E S S  ---------------

Java Threads: ( => current thread )
  0x6726c000 JavaThread "pool-1-thread-4" [_thread_blocked, id=9584, stack(0x66c80000,0x66cd1000)]
  0x6726b000 JavaThread "pool-1-thread-3" [_thread_blocked, id=9583, stack(0x66cd1000,0x66d22000)]
  0x67269c00 JavaThread "pool-1-thread-2" [_thread_blocked, id=9582, stack(0x66d22000,0x66d73000)]
  0x67268800 JavaThread "pool-2-thread-1" [_thread_blocked, id=9581, stack(0x67120000,0x67171000)]
  0x67268000 JavaThread "pool-1-thread-1" [_thread_blocked, id=9580, stack(0x67171000,0x671c2000)]
  0x67b9bc00 JavaThread "Service Thread" daemon [_thread_blocked, id=9559, stack(0x673d9000,0x6742a000)]
  0x67b99c00 JavaThread "C2 CompilerThread1" daemon [_thread_blocked, id=9558, stack(0x6742a000,0x674ab000)]
  0x67b97c00 JavaThread "C2 CompilerThread0" daemon [_thread_blocked, id=9557, stack(0x674ab000,0x6752c000)]
  0x67b96400 JavaThread "Signal Dispatcher" daemon [_thread_blocked, id=9556, stack(0x6752c000,0x6757d000)]
  0x67b85400 JavaThread "Finalizer" daemon [_thread_blocked, id=9542, stack(0x678af000,0x67900000)]
  0x67b83c00 JavaThread "Reference Handler" daemon [_thread_blocked, id=9539, stack(0x6a82e000,0x6a87f000)]
  0xb6307c00 JavaThread "main" [_thread_blocked, id=9516, stack(0xb64bc000,0xb650d000)]

Other Threads:
=>0x67b81400 VMThread [stack: 0x67c4e000,0x67ccf000] [id=9533]
  0x67b9d800 WatcherThread [stack: 0x67358000,0x673d9000] [id=9560]

VM state:at safepoint (normal execution)

VM Mutex/Monitor currently owned by a thread:  ([mutex/lock_event])
[0xb6305370] Threads_lock - owner thread: 0x67b81400
[0xb6305780] Heap_lock - owner thread: 0x67268000

Heap
 PSYoungGen      total 69632K, used 8944K [0x9dcc0000, 0xa2a40000, 0xb3240000)
  eden space 60672K, 0% used [0x9dcc0000,0x9dcc0000,0xa1800000)
  from space 8960K, 99% used [0xa1800000,0xa20bc0f8,0xa20c0000)
  to   space 8192K, 0% used [0xa20c0000,0xa20c0000,0xa28c0000)
 ParOldGen       total 40960K, used 19108K [0x73240000, 0x75a40000, 0x9dcc0000)
  object space 40960K, 46% used [0x73240000,0x744e91e8,0x75a40000)
 PSPermGen       total 16384K, used 4222K [0x6b240000, 0x6c240000, 0x73240000)
  object space 16384K, 25% used [0x6b240000,0x6b65f8e0,0x6c240000)

Card table byte_map: [0x6afff000,0x6b240000] byte_map_base: 0x6aca5e00

Polling page: 0xb76cb000

Code Cache  [0xb3300000, 0xb3590000, 0xb6300000)
 total_blobs=827 nmethods=705 adapters=76 free_code_cache=46610Kb largest_free_block=47669056

Compilation events (10 events):
Event: 57,114 Thread 0x67b97c00 nmethod 702 0xb33a0408 code [0xb33a0640, 0xb33a19e4]
Event: 61,784 Thread 0x67b99c00  705             com.android.dx.cf.direct.StdAttributeFactory::lineNumberTable (204 bytes)
Event: 61,801 Thread 0x67b99c00 nmethod 705 0xb3566888 code [0xb3566a00, 0xb3567064]
Event: 61,943 Thread 0x67b97c00  706             java.util.RegularEnumSet::contains (57 bytes)
Event: 61,992 Thread 0x67b97c00 nmethod 706 0xb3580d48 code [0xb3580e40, 0xb3580f30]
Event: 63,924 Thread 0x67b99c00  707             com.android.dx.rop.code.BasicBlockList::getRegCount (34 bytes)
Event: 63,932 Thread 0x67b99c00 nmethod 707 0xb3580488 code [0xb35805c0, 0xb3580870]
Event: 94,293 Thread 0x67b97c00  708             com.android.dx.cf.iface.StdAttributeList::findNext (85 bytes)
Event: 94,437 Thread 0x67b97c00 nmethod 708 0xb35695c8 code [0xb35696e0, 0xb3569a10]
Event: 119,742 Thread 0x67b99c00  709             com.android.dx.cf.code.BasicBlocker::visitConstant (39 bytes)

GC Heap History (10 events):
Event: 5,533 GC heap after
Heap after GC invocations=2 (full 0):
 PSYoungGen      total 17920K, used 2546K [0x9dcc0000, 0x9ffc0000, 0xb3240000)
  eden space 15360K, 0% used [0x9dcc0000,0x9dcc0000,0x9ebc0000)
  from space 2560K, 99% used [0x9ee40000,0x9f0bca48,0x9f0c0000)
  to   space 2560K, 0% used [0x9ebc0000,0x9ebc0000,0x9ee40000)
 ParOldGen       total 40960K, used 1939K [0x73240000, 0x75a40000, 0x9dcc0000)
  object space 40960K, 4% used [0x73240000,0x73424c68,0x75a40000)
 PSPermGen       total 16384K, used 4099K [0x6b240000, 0x6c240000, 0x73240000)
  object space 16384K, 25% used [0x6b240000,0x6b640c40,0x6c240000)
}
Event: 6,808 GC heap before
{Heap before GC invocations=3 (full 0):
 PSYoungGen      total 17920K, used 17906K [0x9dcc0000, 0x9ffc0000, 0xb3240000)
  eden space 15360K, 100% used [0x9dcc0000,0x9ebc0000,0x9ebc0000)
  from space 2560K, 99% used [0x9ee40000,0x9f0bca48,0x9f0c0000)
  to   space 2560K, 0% used [0x9ebc0000,0x9ebc0000,0x9ee40000)
 ParOldGen       total 40960K, used 1939K [0x73240000, 0x75a40000, 0x9dcc0000)
  object space 40960K, 4% used [0x73240000,0x73424c68,0x75a40000)
 PSPermGen       total 16384K, used 4144K [0x6b240000, 0x6c240000, 0x73240000)
  object space 16384K, 25% used [0x6b240000,0x6b64c3c0,0x6c240000)
Event: 6,895 GC heap after
Heap after GC invocations=3 (full 0):
 PSYoungGen      total 17920K, used 2549K [0x9dcc0000, 0x9ffc0000, 0xb3240000)
  eden space 15360K, 0% used [0x9dcc0000,0x9dcc0000,0x9ebc0000)
  from space 2560K, 99% used [0x9ebc0000,0x9ee3d528,0x9ee40000)
  to   space 2560K, 0% used [0x9fd40000,0x9fd40000,0x9ffc0000)
 ParOldGen       total 40960K, used 4668K [0x73240000, 0x75a40000, 0x9dcc0000)
  object space 40960K, 11% used [0x73240000,0x736cf268,0x75a40000)
 PSPermGen       total 16384K, used 4144K [0x6b240000, 0x6c240000, 0x73240000)
  object space 16384K, 25% used [0x6b240000,0x6b64c3c0,0x6c240000)
}
Event: 8,758 GC heap before
{Heap before GC invocations=4 (full 0):
 PSYoungGen      total 17920K, used 17909K [0x9dcc0000, 0x9ffc0000, 0xb3240000)
  eden space 15360K, 100% used [0x9dcc0000,0x9ebc0000,0x9ebc0000)
  from space 2560K, 99% used [0x9ebc0000,0x9ee3d528,0x9ee40000)
  to   space 2560K, 0% used [0x9fd40000,0x9fd40000,0x9ffc0000)
 ParOldGen       total 40960K, used 4668K [0x73240000, 0x75a40000, 0x9dcc0000)
  object space 40960K, 11% used [0x73240000,0x736cf268,0x75a40000)
 PSPermGen       total 16384K, used 4166K [0x6b240000, 0x6c240000, 0x73240000)
  object space 16384K, 25% used [0x6b240000,0x6b651a70,0x6c240000)
Event: 8,805 GC heap after
Heap after GC invocations=4 (full 0):
 PSYoungGen      total 33280K, used 2557K [0x9dcc0000, 0x9ffc0000, 0xb3240000)
  eden space 30720K, 0% used [0x9dcc0000,0x9dcc0000,0x9fac0000)
  from space 2560K, 99% used [0x9fd40000,0x9ffbf570,0x9ffc0000)
  to   space 2560K, 0% used [0x9fac0000,0x9fac0000,0x9fd40000)
 ParOldGen       total 40960K, used 7456K [0x73240000, 0x75a40000, 0x9dcc0000)
  object space 40960K, 18% used [0x73240000,0x73988370,0x75a40000)
 PSPermGen       total 16384K, used 4166K [0x6b240000, 0x6c240000, 0x73240000)
  object space 16384K, 25% used [0x6b240000,0x6b651a70,0x6c240000)
}
Event: 11,638 GC heap before
{Heap before GC invocations=5 (full 0):
 PSYoungGen      total 33280K, used 33277K [0x9dcc0000, 0x9ffc0000, 0xb3240000)
  eden space 30720K, 100% used [0x9dcc0000,0x9fac0000,0x9fac0000)
  from space 2560K, 99% used [0x9fd40000,0x9ffbf570,0x9ffc0000)
  to   space 2560K, 0% used [0x9fac0000,0x9fac0000,0x9fd40000)
 ParOldGen       total 40960K, used 7456K [0x73240000, 0x75a40000, 0x9dcc0000)
  object space 40960K, 18% used [0x73240000,0x73988370,0x75a40000)
 PSPermGen       total 16384K, used 4186K [0x6b240000, 0x6c240000, 0x73240000)
  object space 16384K, 25% used [0x6b240000,0x6b6569d8,0x6c240000)
Event: 11,728 GC heap after
Heap after GC invocations=5 (full 0):
 PSYoungGen      total 33280K, used 2549K [0x9dcc0000, 0xa28c0000, 0xb3240000)
  eden space 30720K, 0% used [0x9dcc0000,0x9dcc0000,0x9fac0000)
  from space 2560K, 99% used [0x9fac0000,0x9fd3d4f8,0x9fd40000)
  to   space 8192K, 0% used [0xa20c0000,0xa20c0000,0xa28c0000)
 ParOldGen       total 40960K, used 12234K [0x73240000, 0x75a40000, 0x9dcc0000)
  object space 40960K, 29% used [0x73240000,0x73e32958,0x75a40000)
 PSPermGen       total 16384K, used 4186K [0x6b240000, 0x6c240000, 0x73240000)
  object space 16384K, 25% used [0x6b240000,0x6b6569d8,0x6c240000)
}
Event: 14,324 GC heap before
{Heap before GC invocations=6 (full 0):
 PSYoungGen      total 33280K, used 33269K [0x9dcc0000, 0xa28c0000, 0xb3240000)
  eden space 30720K, 100% used [0x9dcc0000,0x9fac0000,0x9fac0000)
  from space 2560K, 99% used [0x9fac0000,0x9fd3d4f8,0x9fd40000)
  to   space 8192K, 0% used [0xa20c0000,0xa20c0000,0xa28c0000)
 ParOldGen       total 40960K, used 12234K [0x73240000, 0x75a40000, 0x9dcc0000)
  object space 40960K, 29% used [0x73240000,0x73e32958,0x75a40000)
 PSPermGen       total 16384K, used 4202K [0x6b240000, 0x6c240000, 0x73240000)
  object space 16384K, 25% used [0x6b240000,0x6b65a980,0x6c240000)
Event: 14,389 GC heap after
Heap after GC invocations=6 (full 0):
 PSYoungGen      total 68864K, used 7557K [0x9dcc0000, 0xa2a40000, 0xb3240000)
  eden space 60672K, 0% used [0x9dcc0000,0x9dcc0000,0xa1800000)
  from space 8192K, 92% used [0xa20c0000,0xa2821610,0xa28c0000)
  to   space 8960K, 0% used [0xa1800000,0xa1800000,0xa20c0000)
 ParOldGen       total 40960K, used 12234K [0x73240000, 0x75a40000, 0x9dcc0000)
  object space 40960K, 29% used [0x73240000,0x73e32958,0x75a40000)
 PSPermGen       total 16384K, used 4202K [0x6b240000, 0x6c240000, 0x73240000)
  object space 16384K, 25% used [0x6b240000,0x6b65a980,0x6c240000)
}
Event: 119,985 GC heap before
{Heap before GC invocations=7 (full 0):
 PSYoungGen      total 68864K, used 68229K [0x9dcc0000, 0xa2a40000, 0xb3240000)
  eden space 60672K, 100% used [0x9dcc0000,0xa1800000,0xa1800000)
  from space 8192K, 92% used [0xa20c0000,0xa2821610,0xa28c0000)
  to   space 8960K, 0% used [0xa1800000,0xa1800000,0xa20c0000)
 ParOldGen       total 40960K, used 12234K [0x73240000, 0x75a40000, 0x9dcc0000)
  object space 40960K, 29% used [0x73240000,0x73e32958,0x75a40000)
 PSPermGen       total 16384K, used 4222K [0x6b240000, 0x6c240000, 0x73240000)
  object space 16384K, 25% used [0x6b240000,0x6b65f8e0,0x6c240000)

Deoptimization events (10 events):
Event: 43,319 Thread 0x6726b000 Uncommon trap: reason=bimorphic action=maybe_recompile pc=0xb3577468 method=com.android.dx.rop.code.RegisterSpec.withSimpleType()Lcom/android/dx/rop/code/RegisterSpec; @ 21
Event: 43,345 Thread 0x6726b000 Uncommon trap: reason=null_check action=make_not_entrant pc=0xb3517d58 method=com.android.dx.dex.file.FieldIdsSection.intern(Lcom/android/dx/rop/cst/CstFieldRef;)Lcom/android/dx/dex/file/FieldIdItem; @ 26
Event: 45,755 Thread 0x6726c000 Uncommon trap: reason=bimorphic action=maybe_recompile pc=0xb3577468 method=com.android.dx.rop.code.RegisterSpec.withSimpleType()Lcom/android/dx/rop/code/RegisterSpec; @ 21
Event: 52,741 Thread 0x67269c00 Uncommon trap: reason=bimorphic action=maybe_recompile pc=0xb3479718 method=com.android.dx.ssa.LiteralOpUpgrader.tryReplacingWithConstant(Lcom/android/dx/ssa/NormalSsaInsn;)Z @ 62
Event: 53,618 Thread 0x6726b000 Uncommon trap: reason=class_check action=maybe_recompile pc=0xb33fe864 method=com.android.dx.ssa.SCCP.replaceConstants()V @ 182
Event: 53,624 Thread 0x6726b000 Uncommon trap: reason=class_check action=maybe_recompile pc=0xb33fe864 method=com.android.dx.ssa.SCCP.replaceConstants()V @ 182
Event: 67,173 Thread 0x6726b000 Uncommon trap: reason=bimorphic action=maybe_recompile pc=0xb3479718 method=com.android.dx.ssa.LiteralOpUpgrader.tryReplacingWithConstant(Lcom/android/dx/ssa/NormalSsaInsn;)Z @ 62
Event: 118,106 Thread 0x67269c00 Uncommon trap: reason=unloaded action=reinterpret pc=0xb35429b8 method=com.android.dx.cf.code.Ropper.addReturnBlock()V @ 45
Event: 118,178 Thread 0x67269c00 Uncommon trap: reason=unreached action=reinterpret pc=0xb345d444 method=com.android.dx.ssa.MoveParamCombiner$1.visitNonMoveInsn(Lcom/android/dx/ssa/NormalSsaInsn;)V @ 27
Event: 119,684 Thread 0x6726b000 Uncommon trap: reason=unreached action=reinterpret pc=0xb3441a80 method=com.android.dx.rop.code.RegisterSpec.intersect(Lcom/android/dx/rop/code/RegisterSpec;Z)Lcom/android/dx/rop/code/RegisterSpec; @ 59

Internal exceptions (10 events):
Event: 4,231 Thread 0x6726b000 Threw 0x9ddeeff0 at /build/buildd/openjdk-7-7u65-2.5.1/build/openjdk/hotspot/src/share/vm/prims/jvm.cpp:1247
Event: 4,908 Thread 0x67268000 Threw 0x9e3cdd70 at /build/buildd/openjdk-7-7u65-2.5.1/build/openjdk/hotspot/src/share/vm/prims/jvm.cpp:1247
Event: 4,952 Thread 0x6726c000 Threw 0x9e439fa0 at /build/buildd/openjdk-7-7u65-2.5.1/build/openjdk/hotspot/src/share/vm/prims/jvm.cpp:1247
Event: 5,617 Thread 0x67269c00 Implicit null exception at 0xb3369aab to 0xb3369b82
Event: 5,969 Thread 0xb6307c00 Threw 0x9e389790 at /build/buildd/openjdk-7-7u65-2.5.1/build/openjdk/hotspot/src/share/vm/prims/jvm.cpp:1247
Event: 8,208 Thread 0x6726c000 Implicit null exception at 0xb339b5c1 to 0xb339ce39
Event: 9,451 Thread 0xb6307c00 Implicit null exception at 0xb33997f2 to 0xb3399dc1
Event: 10,227 Thread 0x6726c000 Threw 0x9eddfe68 at /build/buildd/openjdk-7-7u65-2.5.1/build/openjdk/hotspot/src/share/vm/prims/jvm.cpp:1247
Event: 10,698 Thread 0xb6307c00 Threw 0x9f4ba300 at /build/buildd/openjdk-7-7u65-2.5.1/build/openjdk/hotspot/src/share/vm/prims/jvm.cpp:1247
Event: 61,526 Thread 0xb6307c00 Threw 0xa0706d90 at /build/buildd/openjdk-7-7u65-2.5.1/build/openjdk/hotspot/src/share/vm/prims/jvm.cpp:1247

Events (10 events):
Event: 117,959 Thread 0x67269c00 Uncommon trap: trap_request=0x000000c9 fr.pc=0xb35429b8
Event: 118,137 Thread 0x67269c00 DEOPT PACKING pc=0xb35429b8 sp=0x66d71c80
Event: 118,177 Thread 0x67269c00 DEOPT UNPACKING pc=0xb332cbc8 sp=0x66d71c28 mode 2
Event: 118,178 Thread 0x67269c00 Uncommon trap: trap_request=0xffffffad fr.pc=0xb345d444
Event: 118,178 Thread 0x67269c00 DEOPT PACKING pc=0xb345d444 sp=0x66d71b40
Event: 118,178 Thread 0x67269c00 DEOPT UNPACKING pc=0xb332cbc8 sp=0x66d71af4 mode 2
Event: 119,684 Thread 0x6726b000 Uncommon trap: trap_request=0xffffffad fr.pc=0xb3441a80
Event: 119,684 Thread 0x6726b000 DEOPT PACKING pc=0xb3441a80 sp=0x66d20b10
Event: 119,684 Thread 0x6726b000 DEOPT UNPACKING pc=0xb332cbc8 sp=0x66d20ab4 mode 2
Event: 119,884 Executing VM operation: ParallelGCFailedAllocation


Dynamic libraries:
08048000-08049000 r-xp 00000000 08:06 670889     /usr/lib/jvm/java-7-openjdk-i386/jre/bin/java
08049000-0804a000 r--p 00000000 08:06 670889     /usr/lib/jvm/java-7-openjdk-i386/jre/bin/java
0804a000-0804b000 rw-p 00001000 08:06 670889     /usr/lib/jvm/java-7-openjdk-i386/jre/bin/java
09a10000-09ac9000 rw-p 00000000 00:00 0          [heap]
65100000-651e6000 rw-p 00000000 00:00 0 
651e6000-65200000 ---p 00000000 00:00 0 
65300000-65400000 rw-p 00000000 00:00 0 
65500000-655f2000 rw-p 00000000 00:00 0 
655f2000-65600000 ---p 00000000 00:00 0 
65700000-657fc000 rw-p 00000000 00:00 0 
657fc000-65800000 ---p 00000000 00:00 0 
65900000-659ec000 rw-p 00000000 00:00 0 
659ec000-65a00000 ---p 00000000 00:00 0 
65a00000-65afd000 rw-p 00000000 00:00 0 
65afd000-65b00000 ---p 00000000 00:00 0 
65b00000-65beb000 rw-p 00000000 00:00 0 
65beb000-65c00000 ---p 00000000 00:00 0 
65d00000-65dfa000 rw-p 00000000 00:00 0 
65dfa000-65e00000 ---p 00000000 00:00 0 
65e00000-65ef9000 rw-p 00000000 00:00 0 
65ef9000-65f00000 ---p 00000000 00:00 0 
65f00000-65fe8000 rw-p 00000000 00:00 0 
65fe8000-66000000 ---p 00000000 00:00 0 
66100000-661fe000 rw-p 00000000 00:00 0 
661fe000-66200000 ---p 00000000 00:00 0 
66200000-662f1000 rw-p 00000000 00:00 0 
662f1000-66300000 ---p 00000000 00:00 0 
66300000-663fb000 rw-p 00000000 00:00 0 
663fb000-66400000 ---p 00000000 00:00 0 
66500000-665fc000 rw-p 00000000 00:00 0 
665fc000-66600000 ---p 00000000 00:00 0 
66600000-666f7000 rw-p 00000000 00:00 0 
666f7000-66700000 ---p 00000000 00:00 0 
66700000-667f2000 rw-p 00000000 00:00 0 
667f2000-66800000 ---p 00000000 00:00 0 
66900000-66a00000 rw-p 00000000 00:00 0 
66a00000-66aed000 rw-p 00000000 00:00 0 
66aed000-66b00000 ---p 00000000 00:00 0 
66b00000-66be9000 rw-p 00000000 00:00 0 
66be9000-66c00000 ---p 00000000 00:00 0 
66c80000-66c83000 ---p 00000000 00:00 0 
66c83000-66cd1000 rw-p 00000000 00:00 0          [stack:9584]
66cd1000-66cd4000 ---p 00000000 00:00 0 
66cd4000-66d22000 rw-p 00000000 00:00 0          [stack:9583]
66d22000-66d25000 ---p 00000000 00:00 0 
66d25000-66d73000 rw-p 00000000 00:00 0          [stack:9582]
66d73000-66e7d000 r-xp 00000000 08:06 1059912    /lib/i386-linux-gnu/libglib-2.0.so.0.4002.0
66e7d000-66e7e000 r--p 00109000 08:06 1059912    /lib/i386-linux-gnu/libglib-2.0.so.0.4002.0
66e7e000-66e7f000 rw-p 0010a000 08:06 1059912    /lib/i386-linux-gnu/libglib-2.0.so.0.4002.0
66e7f000-66ffc000 r-xp 00000000 08:06 526170     /usr/lib/i386-linux-gnu/libgio-2.0.so.0.4002.0
66ffc000-66ffe000 r--p 0017d000 08:06 526170     /usr/lib/i386-linux-gnu/libgio-2.0.so.0.4002.0
66ffe000-66fff000 rw-p 0017f000 08:06 526170     /usr/lib/i386-linux-gnu/libgio-2.0.so.0.4002.0
66fff000-67000000 rw-p 00000000 00:00 0 
67000000-670fc000 rw-p 00000000 00:00 0 
670fc000-67100000 ---p 00000000 00:00 0 
67120000-67123000 ---p 00000000 00:00 0 
67123000-67171000 rw-p 00000000 00:00 0          [stack:9581]
67171000-67174000 ---p 00000000 00:00 0 
67174000-671c2000 rw-p 00000000 00:00 0          [stack:9580]
671c2000-671fe000 r-xp 00000000 08:06 1051718    /lib/i386-linux-gnu/libpcre.so.3.13.1
671fe000-671ff000 r--p 0003b000 08:06 1051718    /lib/i386-linux-gnu/libpcre.so.3.13.1
671ff000-67200000 rw-p 0003c000 08:06 1051718    /lib/i386-linux-gnu/libpcre.so.3.13.1
67200000-6728e000 rw-p 00000000 00:00 0 
6728e000-67300000 ---p 00000000 00:00 0 
67306000-67356000 r-xp 00000000 08:06 526110     /usr/lib/i386-linux-gnu/libgobject-2.0.so.0.4002.0
67356000-67357000 r--p 0004f000 08:06 526110     /usr/lib/i386-linux-gnu/libgobject-2.0.so.0.4002.0
67357000-67358000 rw-p 00050000 08:06 526110     /usr/lib/i386-linux-gnu/libgobject-2.0.so.0.4002.0
67358000-67359000 ---p 00000000 00:00 0 
67359000-673d9000 rw-p 00000000 00:00 0          [stack:9560]
673d9000-673dc000 ---p 00000000 00:00 0 
673dc000-6742a000 rw-p 00000000 00:00 0          [stack:9559]
6742a000-6742d000 ---p 00000000 00:00 0 
6742d000-674ab000 rw-p 00000000 00:00 0          [stack:9558]
674ab000-674ae000 ---p 00000000 00:00 0 
674ae000-6752c000 rw-p 00000000 00:00 0          [stack:9557]
6752c000-6752f000 ---p 00000000 00:00 0 
6752f000-6757d000 rw-p 00000000 00:00 0          [stack:9556]
6757d000-676af000 r--p 002c8000 08:06 536120     /usr/lib/locale/locale-archive
676af000-678af000 r--p 00000000 08:06 536120     /usr/lib/locale/locale-archive
678af000-678b2000 ---p 00000000 00:00 0 
678b2000-67900000 rw-p 00000000 00:00 0          [stack:9542]
67900000-679f6000 rw-p 00000000 00:00 0 
679f6000-67a00000 ---p 00000000 00:00 0 
67a00000-67a21000 rw-p 00000000 00:00 0 
67a21000-67b00000 ---p 00000000 00:00 0 
67b00000-67bf9000 rw-p 00000000 00:00 0 
67bf9000-67c00000 ---p 00000000 00:00 0 
67c13000-67c26000 r-xp 00000000 08:06 1108338    /lib/i386-linux-gnu/libresolv-2.19.so
67c26000-67c27000 ---p 00013000 08:06 1108338    /lib/i386-linux-gnu/libresolv-2.19.so
67c27000-67c28000 r--p 00013000 08:06 1108338    /lib/i386-linux-gnu/libresolv-2.19.so
67c28000-67c29000 rw-p 00014000 08:06 1108338    /lib/i386-linux-gnu/libresolv-2.19.so
67c29000-67c2b000 rw-p 00000000 00:00 0 
67c2b000-67c4b000 r-xp 00000000 08:06 1055792    /lib/i386-linux-gnu/libselinux.so.1
67c4b000-67c4c000 r--p 0001f000 08:06 1055792    /lib/i386-linux-gnu/libselinux.so.1
67c4c000-67c4d000 rw-p 00020000 08:06 1055792    /lib/i386-linux-gnu/libselinux.so.1
67c4d000-67c4e000 rw-p 00000000 00:00 0 
67c4e000-67c4f000 ---p 00000000 00:00 0 
67c4f000-67ccf000 rw-p 00000000 00:00 0          [stack:9533]
67ccf000-67e80000 r--s 01d21000 08:06 670828     /usr/lib/jvm/java-7-openjdk-i386/jre/lib/rt.jar
67e80000-6a700000 rw-p 00000000 00:00 0 
6a700000-6a7ff000 rw-p 00000000 00:00 0 
6a7ff000-6a800000 ---p 00000000 00:00 0 
6a82e000-6a831000 ---p 00000000 00:00 0 
6a831000-6a87f000 rw-p 00000000 00:00 0          [stack:9539]
6a87f000-6a880000 ---p 00000000 00:00 0 
6a880000-6a900000 rw-p 00000000 00:00 0          [stack:9531]
6a900000-6a921000 rw-p 00000000 00:00 0 
6a921000-6aa00000 ---p 00000000 00:00 0 
6aa00000-6aa21000 rw-p 00000000 00:00 0 
6aa21000-6ab00000 ---p 00000000 00:00 0 
6ab0a000-6ab21000 r-xp 00000000 08:06 670857     /usr/lib/jvm/java-7-openjdk-i386/jre/lib/i386/libnet.so
6ab21000-6ab22000 r--p 00016000 08:06 670857     /usr/lib/jvm/java-7-openjdk-i386/jre/lib/i386/libnet.so
6ab22000-6ab23000 rw-p 00017000 08:06 670857     /usr/lib/jvm/java-7-openjdk-i386/jre/lib/i386/libnet.so
6ab23000-6ab34000 r-xp 00000000 08:06 670856     /usr/lib/jvm/java-7-openjdk-i386/jre/lib/i386/libnio.so
6ab34000-6ab35000 r--p 00010000 08:06 670856     /usr/lib/jvm/java-7-openjdk-i386/jre/lib/i386/libnio.so
6ab35000-6ab36000 rw-p 00011000 08:06 670856     /usr/lib/jvm/java-7-openjdk-i386/jre/lib/i386/libnio.so
6ab36000-6ab7f000 rw-p 00000000 00:00 0 
6ab7f000-6ab80000 ---p 00000000 00:00 0 
6ab80000-6ac00000 rw-p 00000000 00:00 0          [stack:9525]
6ac00000-6ac25000 rw-p 00000000 00:00 0 
6ac25000-6ad00000 ---p 00000000 00:00 0 
6ad0c000-6ad67000 rw-p 00000000 00:00 0 
6ad67000-6ad68000 ---p 00000000 00:00 0 
6ad68000-6ade8000 rw-p 00000000 00:00 0          [stack:9522]
6ade8000-6ade9000 ---p 00000000 00:00 0 
6ade9000-6ae71000 rw-p 00000000 00:00 0          [stack:9517]
6ae71000-6aea9000 rw-p 00000000 00:00 0 
6aea9000-6aebd000 rw-p 00000000 00:00 0 
6aebd000-6afff000 rw-p 00000000 00:00 0 
6afff000-6b007000 rw-p 00000000 00:00 0 
6b007000-6b03f000 rw-p 00000000 00:00 0 
6b03f000-6b053000 rw-p 00000000 00:00 0 
6b053000-6b194000 rw-p 00000000 00:00 0 
6b194000-6b1bb000 rw-p 00000000 00:00 0 
6b1bb000-6b23f000 rw-p 00000000 00:00 0 
6b23f000-6c240000 rw-p 00000000 00:00 0 
6c240000-73240000 rw-p 00000000 00:00 0 
73240000-75a40000 rw-p 00000000 00:00 0 
75a40000-9dcc0000 rw-p 00000000 00:00 0 
9dcc0000-a2a40000 rw-p 00000000 00:00 0 
a6e12000-a6e19000 r--s 00000000 08:06 527884     /usr/lib/i386-linux-gnu/gconv/gconv-modules.cache
a6e19000-a6e40000 r--p 00000000 08:06 135394     /usr/share/locale-langpack/ca/LC_MESSAGES/libc.mo
a6e40000-b3240000 rw-p 00000000 00:00 0 
b3240000-b324b000 rw-p 00000000 00:00 0 
b324b000-b3300000 rw-p 00000000 00:00 0 
b3300000-b3590000 rwxp 00000000 00:00 0 
b3590000-b63ff000 rw-p 00000000 00:00 0 
b63ff000-b6400000 ---p 00000000 00:00 0 
b6403000-b6408000 r-xp 00000000 08:06 533281     /usr/lib/i386-linux-gnu/libffi.so.6.0.1
b6408000-b6409000 r--p 00005000 08:06 533281     /usr/lib/i386-linux-gnu/libffi.so.6.0.1
b6409000-b640a000 rw-p 00006000 08:06 533281     /usr/lib/i386-linux-gnu/libffi.so.6.0.1
b640a000-b640d000 r-xp 00000000 08:06 563682     /usr/lib/i386-linux-gnu/libgmodule-2.0.so.0.4002.0
b640d000-b640e000 r--p 00002000 08:06 563682     /usr/lib/i386-linux-gnu/libgmodule-2.0.so.0.4002.0
b640e000-b640f000 rw-p 00003000 08:06 563682     /usr/lib/i386-linux-gnu/libgmodule-2.0.so.0.4002.0
b640f000-b641e000 r--s 000df000 08:05 34646      /media/DADES/Development/Android-SDK/build-tools/23.0.2/lib/dx.jar
b641e000-b6439000 rw-p 00000000 00:00 0 
b6439000-b6444000 r-xp 00000000 08:06 1108340    /lib/i386-linux-gnu/libnss_files-2.19.so
b6444000-b6445000 r--p 0000a000 08:06 1108340    /lib/i386-linux-gnu/libnss_files-2.19.so
b6445000-b6446000 rw-p 0000b000 08:06 1108340    /lib/i386-linux-gnu/libnss_files-2.19.so
b6446000-b645b000 r-xp 00000000 08:06 1108327    /lib/i386-linux-gnu/libnsl-2.19.so
b645b000-b645c000 r--p 00015000 08:06 1108327    /lib/i386-linux-gnu/libnsl-2.19.so
b645c000-b645d000 rw-p 00016000 08:06 1108327    /lib/i386-linux-gnu/libnsl-2.19.so
b645d000-b645f000 rw-p 00000000 00:00 0 
b6461000-b646a000 r--s 00089000 08:05 109135     /media/DADES/Development/AndroidStudioProjects/BMA_dia3/app/build/intermediates/exploded-aar/com.android.support/appcompat-v7/23.1.1/jars/classes.jar
b646a000-b646c000 r--s 00006000 08:06 948334     /usr/share/java/java-atk-wrapper.jar
b646c000-b6470000 r--s 00085000 08:06 670825     /usr/lib/jvm/java-7-openjdk-i386/jre/lib/ext/localedata.jar
b6470000-b6473000 r--s 0000f000 08:06 670823     /usr/lib/jvm/java-7-openjdk-i386/jre/lib/ext/pulse-java.jar
b6473000-b6476000 r--s 0003c000 08:06 670824     /usr/lib/jvm/java-7-openjdk-i386/jre/lib/ext/sunpkcs11.jar
b6476000-b6478000 r--s 00012000 08:06 670826     /usr/lib/jvm/java-7-openjdk-i386/jre/lib/ext/zipfs.jar
b6478000-b6480000 r-xp 00000000 08:06 670867     /usr/lib/jvm/java-7-openjdk-i386/jre/lib/i386/libzip.so
b6480000-b6481000 r--p 00007000 08:06 670867     /usr/lib/jvm/java-7-openjdk-i386/jre/lib/i386/libzip.so
b6481000-b6482000 rw-p 00008000 08:06 670867     /usr/lib/jvm/java-7-openjdk-i386/jre/lib/i386/libzip.so
b6482000-b648a000 rw-s 00000000 08:06 1208750    /tmp/hsperfdata_jon/9506
b648a000-b64b1000 r-xp 00000000 08:06 670849     /usr/lib/jvm/java-7-openjdk-i386/jre/lib/i386/libjava.so
b64b1000-b64b2000 r--p 00026000 08:06 670849     /usr/lib/jvm/java-7-openjdk-i386/jre/lib/i386/libjava.so
b64b2000-b64b3000 rw-p 00027000 08:06 670849     /usr/lib/jvm/java-7-openjdk-i386/jre/lib/i386/libjava.so
b64b3000-b64ba000 r-xp 00000000 08:06 1108341    /lib/i386-linux-gnu/librt-2.19.so
b64ba000-b64bb000 r--p 00006000 08:06 1108341    /lib/i386-linux-gnu/librt-2.19.so
b64bb000-b64bc000 rw-p 00007000 08:06 1108341    /lib/i386-linux-gnu/librt-2.19.so
b64bc000-b64bf000 ---p 00000000 00:00 0 
b64bf000-b650d000 rw-p 00000000 00:00 0          [stack:9516]
b650d000-b6529000 r-xp 00000000 08:06 1051641    /lib/i386-linux-gnu/libgcc_s.so.1
b6529000-b652a000 rw-p 0001b000 08:06 1051641    /lib/i386-linux-gnu/libgcc_s.so.1
b652a000-b656e000 r-xp 00000000 08:06 1108331    /lib/i386-linux-gnu/libm-2.19.so
b656e000-b656f000 r--p 00043000 08:06 1108331    /lib/i386-linux-gnu/libm-2.19.so
b656f000-b6570000 rw-p 00044000 08:06 1108331    /lib/i386-linux-gnu/libm-2.19.so
b6570000-b664c000 r-xp 00000000 08:06 534026     /usr/lib/i386-linux-gnu/libstdc++.so.6.0.19
b664c000-b664d000 ---p 000dc000 08:06 534026     /usr/lib/i386-linux-gnu/libstdc++.so.6.0.19
b664d000-b6651000 r--p 000dc000 08:06 534026     /usr/lib/i386-linux-gnu/libstdc++.so.6.0.19
b6651000-b6652000 rw-p 000e0000 08:06 534026     /usr/lib/i386-linux-gnu/libstdc++.so.6.0.19
b6652000-b6659000 rw-p 00000000 00:00 0 
b6659000-b7044000 r-xp 00000000 08:06 670844     /usr/lib/jvm/java-7-openjdk-i386/jre/lib/i386/server/libjvm.so
b7044000-b7096000 r--p 009ea000 08:06 670844     /usr/lib/jvm/java-7-openjdk-i386/jre/lib/i386/server/libjvm.so
b7096000-b70aa000 rw-p 00a3c000 08:06 670844     /usr/lib/jvm/java-7-openjdk-i386/jre/lib/i386/server/libjvm.so
b70aa000-b74c8000 rw-p 00000000 00:00 0 
b74c8000-b74e0000 r-xp 00000000 08:06 1051776    /lib/i386-linux-gnu/libz.so.1.2.8
b74e0000-b74e1000 r--p 00017000 08:06 1051776    /lib/i386-linux-gnu/libz.so.1.2.8
b74e1000-b74e2000 rw-p 00018000 08:06 1051776    /lib/i386-linux-gnu/libz.so.1.2.8
b74e2000-b74fa000 r-xp 00000000 08:06 1108336    /lib/i386-linux-gnu/libpthread-2.19.so
b74fa000-b74fb000 r--p 00018000 08:06 1108336    /lib/i386-linux-gnu/libpthread-2.19.so
b74fb000-b74fc000 rw-p 00019000 08:06 1108336    /lib/i386-linux-gnu/libpthread-2.19.so
b74fc000-b74fe000 rw-p 00000000 00:00 0 
b74fe000-b7501000 r-xp 00000000 08:06 1108324    /lib/i386-linux-gnu/libdl-2.19.so
b7501000-b7502000 r--p 00002000 08:06 1108324    /lib/i386-linux-gnu/libdl-2.19.so
b7502000-b7503000 rw-p 00003000 08:06 1108324    /lib/i386-linux-gnu/libdl-2.19.so
b7503000-b76ab000 r-xp 00000000 08:06 1108323    /lib/i386-linux-gnu/libc-2.19.so
b76ab000-b76ad000 r--p 001a8000 08:06 1108323    /lib/i386-linux-gnu/libc-2.19.so
b76ad000-b76ae000 rw-p 001aa000 08:06 1108323    /lib/i386-linux-gnu/libc-2.19.so
b76ae000-b76b1000 rw-p 00000000 00:00 0 
b76b1000-b76b2000 r--s 00002000 08:06 670821     /usr/lib/jvm/java-7-openjdk-i386/jre/lib/ext/dnsns.jar
b76b2000-b76b5000 r--s 00032000 08:06 670822     /usr/lib/jvm/java-7-openjdk-i386/jre/lib/ext/sunjce_provider.jar
b76b5000-b76bf000 r-xp 00000000 08:06 1108326    /lib/i386-linux-gnu/libnss_nis-2.19.so
b76bf000-b76c0000 r--p 00009000 08:06 1108326    /lib/i386-linux-gnu/libnss_nis-2.19.so
b76c0000-b76c1000 rw-p 0000a000 08:06 1108326    /lib/i386-linux-gnu/libnss_nis-2.19.so
b76c1000-b76c8000 r-xp 00000000 08:06 1108332    /lib/i386-linux-gnu/libnss_compat-2.19.so
b76c8000-b76c9000 r--p 00006000 08:06 1108332    /lib/i386-linux-gnu/libnss_compat-2.19.so
b76c9000-b76ca000 rw-p 00007000 08:06 1108332    /lib/i386-linux-gnu/libnss_compat-2.19.so
b76ca000-b76cb000 rw-p 00000000 00:00 0 
b76cb000-b76cc000 ---p 00000000 00:00 0 
b76cc000-b76da000 r-xp 00000000 08:06 670859     /usr/lib/jvm/java-7-openjdk-i386/jre/lib/i386/libverify.so
b76da000-b76db000 r--p 0000d000 08:06 670859     /usr/lib/jvm/java-7-openjdk-i386/jre/lib/i386/libverify.so
b76db000-b76dc000 rw-p 0000e000 08:06 670859     /usr/lib/jvm/java-7-openjdk-i386/jre/lib/i386/libverify.so
b76dc000-b76e8000 r-xp 00000000 08:06 670850     /usr/lib/jvm/java-7-openjdk-i386/jre/lib/i386/jli/libjli.so
b76e8000-b76e9000 r--p 0000c000 08:06 670850     /usr/lib/jvm/java-7-openjdk-i386/jre/lib/i386/jli/libjli.so
b76e9000-b76ea000 rw-p 0000d000 08:06 670850     /usr/lib/jvm/java-7-openjdk-i386/jre/lib/i386/jli/libjli.so
b76ea000-b76ed000 rw-p 00000000 00:00 0 
b76ed000-b76ee000 r-xp 00000000 00:00 0          [vdso]
b76ee000-b770e000 r-xp 00000000 08:06 1108325    /lib/i386-linux-gnu/ld-2.19.so
b770e000-b770f000 r--p 0001f000 08:06 1108325    /lib/i386-linux-gnu/ld-2.19.so
b770f000-b7710000 rw-p 00020000 08:06 1108325    /lib/i386-linux-gnu/ld-2.19.so
bf7b1000-bf7b2000 rwxp 00000000 00:00 0 
bf7e4000-bf805000 rw-p 00000000 00:00 0          [stack]

VM Arguments:
jvm_args: -Djava.awt.headless=true -Xmx1024M -Dfile.encoding=UTF-8 -Duser.country=ES -Duser.language=ca -Duser.variant 
java_command: com.android.dx.command.Main --dex --num-threads=4 --output /media/DADES/Development/AndroidStudioProjects/BMA_dia3/app/build/intermediates/pre-dexed/debug/com.android.support-appcompat-v7-23.1.1_4e85643940dba65103e68762e47202cef9f68ad9.jar /media/DADES/Development/AndroidStudioProjects/BMA_dia3/app/build/intermediates/exploded-aar/com.android.support/appcompat-v7/23.1.1/jars/classes.jar
Launcher Type: SUN_STANDARD

Environment Variables:
PATH=/usr/local/sbin:/usr/local/bin:/usr/sbin:/usr/bin:/sbin:/bin:/usr/games:/usr/local/games
USERNAME=jon
LD_LIBRARY_PATH=/media/DADES/Development/android-studio/bin:
SHELL=/bin/bash
DISPLAY=:0.0

Signal Handlers:
SIGSEGV: [libjvm.so+0x80a0a0], sa_mask[0]=0x7ffbfeff, sa_flags=0x10000004
SIGBUS: [libjvm.so+0x80a0a0], sa_mask[0]=0x7ffbfeff, sa_flags=0x10000004
SIGFPE: [libjvm.so+0x683f60], sa_mask[0]=0x7ffbfeff, sa_flags=0x10000004
SIGPIPE: [libjvm.so+0x683f60], sa_mask[0]=0x7ffbfeff, sa_flags=0x10000004
SIGXFSZ: [libjvm.so+0x683f60], sa_mask[0]=0x7ffbfeff, sa_flags=0x10000004
SIGILL: [libjvm.so+0x683f60], sa_mask[0]=0x7ffbfeff, sa_flags=0x10000004
SIGUSR1: SIG_DFL, sa_mask[0]=0x00000000, sa_flags=0x00000000
SIGUSR2: [libjvm.so+0x683df0], sa_mask[0]=0x00000004, sa_flags=0x10000004
SIGHUP: [libjvm.so+0x684020], sa_mask[0]=0x7ffbfeff, sa_flags=0x10000004
SIGINT: [libjvm.so+0x684020], sa_mask[0]=0x7ffbfeff, sa_flags=0x10000004
SIGTERM: [libjvm.so+0x684020], sa_mask[0]=0x7ffbfeff, sa_flags=0x10000004
SIGQUIT: [libjvm.so+0x684020], sa_mask[0]=0x7ffbfeff, sa_flags=0x10000004
SIGTRAP: SIG_DFL, sa_mask[0]=0x00000000, sa_flags=0x00000000


---------------  S Y S T E M  ---------------

OS:LinuxMint 17.1 (rebecca)
uname:Linux 3.13.0-37-generic #64-Ubuntu SMP Mon Sep 22 21:30:01 UTC 2014 i686
libc:glibc 2.19 NPTL 2.19 
rlimit: STACK 8192k, CORE 0k, NPROC 30453, NOFILE 4096, AS infinity
load average:18,32 9,75 4,39

/proc/meminfo:
MemTotal:        3926056 kB
MemFree:         1213908 kB
Buffers:           29816 kB
Cached:           424976 kB
SwapCached:            0 kB
Active:          1727516 kB
Inactive:         445208 kB
Active(anon):    1719300 kB
Inactive(anon):   238772 kB
Active(file):       8216 kB
Inactive(file):   206436 kB
Unevictable:          72 kB
Mlocked:              72 kB
HighTotal:       3075328 kB
HighFree:         890180 kB
LowTotal:         850728 kB
LowFree:          323728 kB
SwapTotal:             0 kB
SwapFree:              0 kB
Dirty:               736 kB
Writeback:             0 kB
AnonPages:       1718240 kB
Mapped:           496964 kB
Shmem:            240048 kB
Slab:              52052 kB
SReclaimable:      20028 kB
SUnreclaim:        32024 kB
KernelStack:        5184 kB
PageTables:        14536 kB
NFS_Unstable:          0 kB
Bounce:                0 kB
WritebackTmp:          0 kB
CommitLimit:     1963028 kB
Committed_AS:    5841668 kB
VmallocTotal:     122880 kB
VmallocUsed:       20584 kB
VmallocChunk:      98796 kB
HardwareCorrupted:     0 kB
AnonHugePages:    776192 kB
HugePages_Total:       0
HugePages_Free:        0
HugePages_Rsvd:        0
HugePages_Surp:        0
Hugepagesize:       2048 kB
DirectMap4k:       38904 kB
DirectMap2M:      874496 kB


CPU:total 4 (2 cores per cpu, 2 threads per core) family 6 model 37 stepping 2, cmov, cx8, fxsr, mmx, sse, sse2, sse3, ssse3, sse4.1, sse4.2, popcnt, ht, tsc, tscinvbit

/proc/cpuinfo:
processor	: 0
vendor_id	: GenuineIntel
cpu family	: 6
model		: 37
model name	: Intel(R) Core(TM) i3 CPU       M 330  @ 2.13GHz
stepping	: 2
microcode	: 0x9
cpu MHz		: 2133.000
cache size	: 3072 KB
physical id	: 0
siblings	: 4
core id		: 0
cpu cores	: 2
apicid		: 0
initial apicid	: 0
fdiv_bug	: no
f00f_bug	: no
coma_bug	: no
fpu		: yes
fpu_exception	: yes
cpuid level	: 11
wp		: yes
flags		: fpu vme de pse tsc msr pae mce cx8 apic sep mtrr pge mca cmov pat pse36 clflush dts acpi mmx fxsr sse sse2 ss ht tm pbe nx rdtscp lm constant_tsc arch_perfmon pebs bts xtopology nonstop_tsc aperfmperf pni dtes64 monitor ds_cpl vmx est tm2 ssse3 cx16 xtpr pdcm sse4_1 sse4_2 popcnt lahf_lm arat dtherm tpr_shadow vnmi flexpriority ept vpid
bogomips	: 4256.42
clflush size	: 64
cache_alignment	: 64
address sizes	: 36 bits physical, 48 bits virtual
power management:

processor	: 1
vendor_id	: GenuineIntel
cpu family	: 6
model		: 37
model name	: Intel(R) Core(TM) i3 CPU       M 330  @ 2.13GHz
stepping	: 2
microcode	: 0x9
cpu MHz		: 2133.000
cache size	: 3072 KB
physical id	: 0
siblings	: 4
core id		: 0
cpu cores	: 2
apicid		: 1
initial apicid	: 1
fdiv_bug	: no
f00f_bug	: no
coma_bug	: no
fpu		: yes
fpu_exception	: yes
cpuid level	: 11
wp		: yes
flags		: fpu vme de pse tsc msr pae mce cx8 apic sep mtrr pge mca cmov pat pse36 clflush dts acpi mmx fxsr sse sse2 ss ht tm pbe nx rdtscp lm constant_tsc arch_perfmon pebs bts xtopology nonstop_tsc aperfmperf pni dtes64 monitor ds_cpl vmx est tm2 ssse3 cx16 xtpr pdcm sse4_1 sse4_2 popcnt lahf_lm arat dtherm tpr_shadow vnmi flexpriority ept vpid
bogomips	: 4256.42
clflush size	: 64
cache_alignment	: 64
address sizes	: 36 bits physical, 48 bits virtual
power management:

processor	: 2
vendor_id	: GenuineIntel
cpu family	: 6
model		: 37
model name	: Intel(R) Core(TM) i3 CPU       M 330  @ 2.13GHz
stepping	: 2
microcode	: 0x9
cpu MHz		: 2133.000
cache size	: 3072 KB
physical id	: 0
siblings	: 4
core id		: 2
cpu cores	: 2
apicid		: 4
initial apicid	: 4
fdiv_bug	: no
f00f_bug	: no
coma_bug	: no
fpu		: yes
fpu_exception	: yes
cpuid level	: 11
wp		: yes
flags		: fpu vme de pse tsc msr pae mce cx8 apic sep mtrr pge mca cmov pat pse36 clflush dts acpi mmx fxsr sse sse2 ss ht tm pbe nx rdtscp lm constant_tsc arch_perfmon pebs bts xtopology nonstop_tsc aperfmperf pni dtes64 monitor ds_cpl vmx est tm2 ssse3 cx16 xtpr pdcm sse4_1 sse4_2 popcnt lahf_lm arat dtherm tpr_shadow vnmi flexpriority ept vpid
bogomips	: 4256.42
clflush size	: 64
cache_alignment	: 64
address sizes	: 36 bits physical, 48 bits virtual
power management:

processor	: 3
vendor_id	: GenuineIntel
cpu family	: 6
model		: 37
model name	: Intel(R) Core(TM) i3 CPU       M 330  @ 2.13GHz
stepping	: 2
microcode	: 0x9
cpu MHz		: 2133.000
cache size	: 3072 KB
physical id	: 0
siblings	: 4
core id		: 2
cpu cores	: 2
apicid		: 5
initial apicid	: 5
fdiv_bug	: no
f00f_bug	: no
coma_bug	: no
fpu		: yes
fpu_exception	: yes
cpuid level	: 11
wp		: yes
flags		: fpu vme de pse tsc msr pae mce cx8 apic sep mtrr pge mca cmov pat pse36 clflush dts acpi mmx fxsr sse sse2 ss ht tm pbe nx rdtscp lm constant_tsc arch_perfmon pebs bts xtopology nonstop_tsc aperfmperf pni dtes64 monitor ds_cpl vmx est tm2 ssse3 cx16 xtpr pdcm sse4_1 sse4_2 popcnt lahf_lm arat dtherm tpr_shadow vnmi flexpriority ept vpid
bogomips	: 4256.42
clflush size	: 64
cache_alignment	: 64
address sizes	: 36 bits physical, 48 bits virtual
power management:



Memory: 4k page, physical 3926056k(1207460k free), swap 0k(0k free)

vm_info: OpenJDK Server VM (24.65-b04) for linux-x86 JRE (1.7.0_65-b32), built on Aug 23 2014 13:40:35 by "buildd" with gcc 4.8.2

time: Fri Jan 29 18:09:58 2016
elapsed time: 179 seconds

